  D:\Ange Tests\Install\ANGE\Ange\Build\Release-windows-x86_64\Ange\Ange.lib -> D:\Ange Tests\Install\ANGE\Install\lib\Ange.lib
  1 File(s) copied
  D:\Ange Tests\Install\ANGE\Vendor\freetype\Build\Release-windows-x86_64\FreeType\FreeType.lib -> D:\Ange Tests\Install\ANGE\Install\lib\FreeType.lib
  1 File(s) copied
  D:\Ange Tests\Install\ANGE\Vendor\glad\Build\Release-windows-x86_64\glad\glad.lib -> D:\Ange Tests\Install\ANGE\Install\lib\glad.lib
  1 File(s) copied
  D:\Ange Tests\Install\ANGE\Vendor\GLFW\Build\Release-windows-x86_64\GLFW\GLFW.lib -> D:\Ange Tests\Install\ANGE\Install\lib\GLFW.lib
  1 File(s) copied
  D:\Ange Tests\Install\ANGE\Vendor\libjpeg\Build\Release-windows-x86_64\libjpeg\libjpeg.lib -> D:\Ange Tests\Install\ANGE\Install\lib\libjpeg.lib
  1 File(s) copied
  D:\Ange Tests\Install\ANGE\Vendor\libpng\Build\Release-windows-x86_64\libpng\libpng.lib -> D:\Ange Tests\Install\ANGE\Install\lib\libpng.lib
  1 File(s) copied
  D:\Ange Tests\Install\ANGE\Vendor\zlib\Build\Release-windows-x86_64\zlib\zlib.lib -> D:\Ange Tests\Install\ANGE\Install\lib\zlib.lib
  1 File(s) copied
  D:\Ange Tests\Install\ANGE\Ange\Source\Ange.h -> D:\Ange Tests\Install\ANGE\Install\include\Ange.h
  D:\Ange Tests\Install\ANGE\Ange\Source\Apch.cpp -> D:\Ange Tests\Install\ANGE\Install\include\Apch.cpp
  D:\Ange Tests\Install\ANGE\Ange\Source\Apch.h -> D:\Ange Tests\Install\ANGE\Install\include\Apch.h
  D:\Ange Tests\Install\ANGE\Ange\Source\Ange\Core\BasicWidgets.cpp -> D:\Ange Tests\Install\ANGE\Install\include\Ange\Core\BasicWidgets.cpp
  D:\Ange Tests\Install\ANGE\Ange\Source\Ange\Core\BasicWidgets.h -> D:\Ange Tests\Install\ANGE\Install\include\Ange\Core\BasicWidgets.h
  D:\Ange Tests\Install\ANGE\Ange\Source\Ange\Core\ComplexWidgets.cpp -> D:\Ange Tests\Install\ANGE\Install\include\Ange\Core\ComplexWidgets.cpp
  D:\Ange Tests\Install\ANGE\Ange\Source\Ange\Core\ComplexWidgets.h -> D:\Ange Tests\Install\ANGE\Install\include\Ange\Core\ComplexWidgets.h
  D:\Ange Tests\Install\ANGE\Ange\Source\Ange\Core\Event.cpp -> D:\Ange Tests\Install\ANGE\Install\include\Ange\Core\Event.cpp
  D:\Ange Tests\Install\ANGE\Ange\Source\Ange\Core\Event.h -> D:\Ange Tests\Install\ANGE\Install\include\Ange\Core\Event.h
  D:\Ange Tests\Install\ANGE\Ange\Source\Ange\Core\Font.cpp -> D:\Ange Tests\Install\ANGE\Install\include\Ange\Core\Font.cpp
  D:\Ange Tests\Install\ANGE\Ange\Source\Ange\Core\Font.h -> D:\Ange Tests\Install\ANGE\Install\include\Ange\Core\Font.h
  D:\Ange Tests\Install\ANGE\Ange\Source\Ange\Core\Functions.h -> D:\Ange Tests\Install\ANGE\Install\include\Ange\Core\Functions.h
  D:\Ange Tests\Install\ANGE\Ange\Source\Ange\Core\Logger.h -> D:\Ange Tests\Install\ANGE\Install\include\Ange\Core\Logger.h
  D:\Ange Tests\Install\ANGE\Ange\Source\Ange\Core\Primitives.cpp -> D:\Ange Tests\Install\ANGE\Install\include\Ange\Core\Primitives.cpp
  D:\Ange Tests\Install\ANGE\Ange\Source\Ange\Core\Primitives.h -> D:\Ange Tests\Install\ANGE\Install\include\Ange\Core\Primitives.h
  D:\Ange Tests\Install\ANGE\Ange\Source\Ange\Core\Properties.cpp -> D:\Ange Tests\Install\ANGE\Install\include\Ange\Core\Properties.cpp
  D:\Ange Tests\Install\ANGE\Ange\Source\Ange\Core\Properties.h -> D:\Ange Tests\Install\ANGE\Install\include\Ange\Core\Properties.h
  D:\Ange Tests\Install\ANGE\Ange\Source\Ange\Core\Shader.cpp -> D:\Ange Tests\Install\ANGE\Install\include\Ange\Core\Shader.cpp
  D:\Ange Tests\Install\ANGE\Ange\Source\Ange\Core\Shader.h -> D:\Ange Tests\Install\ANGE\Install\include\Ange\Core\Shader.h
  D:\Ange Tests\Install\ANGE\Ange\Source\Ange\Core\Task.h -> D:\Ange Tests\Install\ANGE\Install\include\Ange\Core\Task.h
  D:\Ange Tests\Install\ANGE\Ange\Source\Ange\Core\Texture.cpp -> D:\Ange Tests\Install\ANGE\Install\include\Ange\Core\Texture.cpp
  D:\Ange Tests\Install\ANGE\Ange\Source\Ange\Core\Texture.h -> D:\Ange Tests\Install\ANGE\Install\include\Ange\Core\Texture.h
  D:\Ange Tests\Install\ANGE\Ange\Source\Ange\Core\Themes.h -> D:\Ange Tests\Install\ANGE\Install\include\Ange\Core\Themes.h
  D:\Ange Tests\Install\ANGE\Ange\Source\Ange\Core\Widgets.cpp -> D:\Ange Tests\Install\ANGE\Install\include\Ange\Core\Widgets.cpp
  D:\Ange Tests\Install\ANGE\Ange\Source\Ange\Core\Widgets.h -> D:\Ange Tests\Install\ANGE\Install\include\Ange\Core\Widgets.h
  D:\Ange Tests\Install\ANGE\Ange\Source\Ange\Core\Window.cpp -> D:\Ange Tests\Install\ANGE\Install\include\Ange\Core\Window.cpp
  D:\Ange Tests\Install\ANGE\Ange\Source\Ange\Core\Window.h -> D:\Ange Tests\Install\ANGE\Install\include\Ange\Core\Window.h
  D:\Ange Tests\Install\ANGE\Ange\Source\Ange\Core\World.cpp -> D:\Ange Tests\Install\ANGE\Install\include\Ange\Core\World.cpp
  D:\Ange Tests\Install\ANGE\Ange\Source\Ange\Core\World.h -> D:\Ange Tests\Install\ANGE\Install\include\Ange\Core\World.h
  D:\Ange Tests\Install\ANGE\Ange\Source\Ange\Platform\Linux\Functions.cpp -> D:\Ange Tests\Install\ANGE\Install\include\Ange\Platform\Linux\Functions.cpp
  D:\Ange Tests\Install\ANGE\Ange\Source\Ange\Platform\Linux\Functions.h -> D:\Ange Tests\Install\ANGE\Install\include\Ange\Platform\Linux\Functions.h
  D:\Ange Tests\Install\ANGE\Ange\Source\Ange\Platform\Linux\X11Logger.cpp -> D:\Ange Tests\Install\ANGE\Install\include\Ange\Platform\Linux\X11Logger.cpp
  D:\Ange Tests\Install\ANGE\Ange\Source\Ange\Platform\Linux\X11Logger.h -> D:\Ange Tests\Install\ANGE\Install\include\Ange\Platform\Linux\X11Logger.h
  D:\Ange Tests\Install\ANGE\Ange\Source\Ange\Platform\Win32\Functions.cpp -> D:\Ange Tests\Install\ANGE\Install\include\Ange\Platform\Win32\Functions.cpp
  D:\Ange Tests\Install\ANGE\Ange\Source\Ange\Platform\Win32\Functions.h -> D:\Ange Tests\Install\ANGE\Install\include\Ange\Platform\Win32\Functions.h
  D:\Ange Tests\Install\ANGE\Ange\Source\Ange\Platform\Win32\W32Logger.cpp -> D:\Ange Tests\Install\ANGE\Install\include\Ange\Platform\Win32\W32Logger.cpp
  D:\Ange Tests\Install\ANGE\Ange\Source\Ange\Platform\Win32\W32Logger.h -> D:\Ange Tests\Install\ANGE\Install\include\Ange\Platform\Win32\W32Logger.h
  D:\Ange Tests\Install\ANGE\Ange\Source\Ange\Shaders\Image.h -> D:\Ange Tests\Install\ANGE\Install\include\Ange\Shaders\Image.h
  D:\Ange Tests\Install\ANGE\Ange\Source\Ange\Shaders\Quad.h -> D:\Ange Tests\Install\ANGE\Install\include\Ange\Shaders\Quad.h
  D:\Ange Tests\Install\ANGE\Ange\Source\Ange\Shaders\Text.h -> D:\Ange Tests\Install\ANGE\Install\include\Ange\Shaders\Text.h
  40 File(s) copied
  Invalid switch - /F"../Vendor/boost/boost"
  D:\Ange Tests\Install\ANGE\Vendor\GLM\.gitignore -> D:\Ange Tests\Install\ANGE\Install\include\.gitignore
  D:\Ange Tests\Install\ANGE\Vendor\GLM\glm\common.hpp -> D:\Ange Tests\Install\ANGE\Install\include\glm\common.hpp
  D:\Ange Tests\Install\ANGE\Vendor\GLM\glm\exponential.hpp -> D:\Ange Tests\Install\ANGE\Install\include\glm\exponential.hpp
  D:\Ange Tests\Install\ANGE\Vendor\GLM\glm\ext.hpp -> D:\Ange Tests\Install\ANGE\Install\include\glm\ext.hpp
  D:\Ange Tests\Install\ANGE\Vendor\GLM\glm\fwd.hpp -> D:\Ange Tests\Install\ANGE\Install\include\glm\fwd.hpp
  D:\Ange Tests\Install\ANGE\Vendor\GLM\glm\geometric.hpp -> D:\Ange Tests\Install\ANGE\Install\include\glm\geometric.hpp
  D:\Ange Tests\Install\ANGE\Vendor\GLM\glm\glm.hpp -> D:\Ange Tests\Install\ANGE\Install\include\glm\glm.hpp
  D:\Ange Tests\Install\ANGE\Vendor\GLM\glm\integer.hpp -> D:\Ange Tests\Install\ANGE\Install\include\glm\integer.hpp
  D:\Ange Tests\Install\ANGE\Vendor\GLM\glm\mat2x2.hpp -> D:\Ange Tests\Install\ANGE\Install\include\glm\mat2x2.hpp
  D:\Ange Tests\Install\ANGE\Vendor\GLM\glm\mat2x3.hpp -> D:\Ange Tests\Install\ANGE\Install\include\glm\mat2x3.hpp
  D:\Ange Tests\Install\ANGE\Vendor\GLM\glm\mat2x4.hpp -> D:\Ange Tests\Install\ANGE\Install\include\glm\mat2x4.hpp
  D:\Ange Tests\Install\ANGE\Vendor\GLM\glm\mat3x2.hpp -> D:\Ange Tests\Install\ANGE\Install\include\glm\mat3x2.hpp
  D:\Ange Tests\Install\ANGE\Vendor\GLM\glm\mat3x3.hpp -> D:\Ange Tests\Install\ANGE\Install\include\glm\mat3x3.hpp
  D:\Ange Tests\Install\ANGE\Vendor\GLM\glm\mat3x4.hpp -> D:\Ange Tests\Install\ANGE\Install\include\glm\mat3x4.hpp
  D:\Ange Tests\Install\ANGE\Vendor\GLM\glm\mat4x2.hpp -> D:\Ange Tests\Install\ANGE\Install\include\glm\mat4x2.hpp
  D:\Ange Tests\Install\ANGE\Vendor\GLM\glm\mat4x3.hpp -> D:\Ange Tests\Install\ANGE\Install\include\glm\mat4x3.hpp
  D:\Ange Tests\Install\ANGE\Vendor\GLM\glm\mat4x4.hpp -> D:\Ange Tests\Install\ANGE\Install\include\glm\mat4x4.hpp
  D:\Ange Tests\Install\ANGE\Vendor\GLM\glm\matrix.hpp -> D:\Ange Tests\Install\ANGE\Install\include\glm\matrix.hpp
  D:\Ange Tests\Install\ANGE\Vendor\GLM\glm\packing.hpp -> D:\Ange Tests\Install\ANGE\Install\include\glm\packing.hpp
  D:\Ange Tests\Install\ANGE\Vendor\GLM\glm\trigonometric.hpp -> D:\Ange Tests\Install\ANGE\Install\include\glm\trigonometric.hpp
  D:\Ange Tests\Install\ANGE\Vendor\GLM\glm\vec2.hpp -> D:\Ange Tests\Install\ANGE\Install\include\glm\vec2.hpp
  D:\Ange Tests\Install\ANGE\Vendor\GLM\glm\vec3.hpp -> D:\Ange Tests\Install\ANGE\Install\include\glm\vec3.hpp
  D:\Ange Tests\Install\ANGE\Vendor\GLM\glm\vec4.hpp -> D:\Ange Tests\Install\ANGE\Install\include\glm\vec4.hpp
  D:\Ange Tests\Install\ANGE\Vendor\GLM\glm\vector_relational.hpp -> D:\Ange Tests\Install\ANGE\Install\include\glm\vector_relational.hpp
  D:\Ange Tests\Install\ANGE\Vendor\GLM\glm\detail\compute_common.hpp -> D:\Ange Tests\Install\ANGE\Install\include\glm\detail\compute_common.hpp
  D:\Ange Tests\Install\ANGE\Vendor\GLM\glm\detail\compute_vector_relational.hpp -> D:\Ange Tests\Install\ANGE\Install\include\glm\detail\compute_vector_relational.hpp
  D:\Ange Tests\Install\ANGE\Vendor\GLM\glm\detail\func_common.inl -> D:\Ange Tests\Install\ANGE\Install\include\glm\detail\func_common.inl
  D:\Ange Tests\Install\ANGE\Vendor\GLM\glm\detail\func_common_simd.inl -> D:\Ange Tests\Install\ANGE\Install\include\glm\detail\func_common_simd.inl
  D:\Ange Tests\Install\ANGE\Vendor\GLM\glm\detail\func_exponential.inl -> D:\Ange Tests\Install\ANGE\Install\include\glm\detail\func_exponential.inl
  D:\Ange Tests\Install\ANGE\Vendor\GLM\glm\detail\func_exponential_simd.inl -> D:\Ange Tests\Install\ANGE\Install\include\glm\detail\func_exponential_simd.inl
  D:\Ange Tests\Install\ANGE\Vendor\GLM\glm\detail\func_geometric.inl -> D:\Ange Tests\Install\ANGE\Install\include\glm\detail\func_geometric.inl
  D:\Ange Tests\Install\ANGE\Vendor\GLM\glm\detail\func_geometric_simd.inl -> D:\Ange Tests\Install\ANGE\Install\include\glm\detail\func_geometric_simd.inl
  D:\Ange Tests\Install\ANGE\Vendor\GLM\glm\detail\func_integer.inl -> D:\Ange Tests\Install\ANGE\Install\include\glm\detail\func_integer.inl
  D:\Ange Tests\Install\ANGE\Vendor\GLM\glm\detail\func_integer_simd.inl -> D:\Ange Tests\Install\ANGE\Install\include\glm\detail\func_integer_simd.inl
  D:\Ange Tests\Install\ANGE\Vendor\GLM\glm\detail\func_matrix.inl -> D:\Ange Tests\Install\ANGE\Install\include\glm\detail\func_matrix.inl
  D:\Ange Tests\Install\ANGE\Vendor\GLM\glm\detail\func_matrix_simd.inl -> D:\Ange Tests\Install\ANGE\Install\include\glm\detail\func_matrix_simd.inl
  D:\Ange Tests\Install\ANGE\Vendor\GLM\glm\detail\func_packing.inl -> D:\Ange Tests\Install\ANGE\Install\include\glm\detail\func_packing.inl
  D:\Ange Tests\Install\ANGE\Vendor\GLM\glm\detail\func_packing_simd.inl -> D:\Ange Tests\Install\ANGE\Install\include\glm\detail\func_packing_simd.inl
  D:\Ange Tests\Install\ANGE\Vendor\GLM\glm\detail\func_trigonometric.inl -> D:\Ange Tests\Install\ANGE\Install\include\glm\detail\func_trigonometric.inl
  D:\Ange Tests\Install\ANGE\Vendor\GLM\glm\detail\func_trigonometric_simd.inl -> D:\Ange Tests\Install\ANGE\Install\include\glm\detail\func_trigonometric_simd.inl
  D:\Ange Tests\Install\ANGE\Vendor\GLM\glm\detail\func_vector_relational.inl -> D:\Ange Tests\Install\ANGE\Install\include\glm\detail\func_vector_relational.inl
  D:\Ange Tests\Install\ANGE\Vendor\GLM\glm\detail\func_vector_relational_simd.inl -> D:\Ange Tests\Install\ANGE\Install\include\glm\detail\func_vector_relational_simd.inl
  D:\Ange Tests\Install\ANGE\Vendor\GLM\glm\detail\glm.cpp -> D:\Ange Tests\Install\ANGE\Install\include\glm\detail\glm.cpp
  D:\Ange Tests\Install\ANGE\Vendor\GLM\glm\detail\qualifier.hpp -> D:\Ange Tests\Install\ANGE\Install\include\glm\detail\qualifier.hpp
  D:\Ange Tests\Install\ANGE\Vendor\GLM\glm\detail\setup.hpp -> D:\Ange Tests\Install\ANGE\Install\include\glm\detail\setup.hpp
  D:\Ange Tests\Install\ANGE\Vendor\GLM\glm\detail\type_float.hpp -> D:\Ange Tests\Install\ANGE\Install\include\glm\detail\type_float.hpp
  D:\Ange Tests\Install\ANGE\Vendor\GLM\glm\detail\type_half.hpp -> D:\Ange Tests\Install\ANGE\Install\include\glm\detail\type_half.hpp
  D:\Ange Tests\Install\ANGE\Vendor\GLM\glm\detail\type_half.inl -> D:\Ange Tests\Install\ANGE\Install\include\glm\detail\type_half.inl
  D:\Ange Tests\Install\ANGE\Vendor\GLM\glm\detail\type_mat2x2.hpp -> D:\Ange Tests\Install\ANGE\Install\include\glm\detail\type_mat2x2.hpp
  D:\Ange Tests\Install\ANGE\Vendor\GLM\glm\detail\type_mat2x2.inl -> D:\Ange Tests\Install\ANGE\Install\include\glm\detail\type_mat2x2.inl
  D:\Ange Tests\Install\ANGE\Vendor\GLM\glm\detail\type_mat2x3.hpp -> D:\Ange Tests\Install\ANGE\Install\include\glm\detail\type_mat2x3.hpp
  D:\Ange Tests\Install\ANGE\Vendor\GLM\glm\detail\type_mat2x3.inl -> D:\Ange Tests\Install\ANGE\Install\include\glm\detail\type_mat2x3.inl
  D:\Ange Tests\Install\ANGE\Vendor\GLM\glm\detail\type_mat2x4.hpp -> D:\Ange Tests\Install\ANGE\Install\include\glm\detail\type_mat2x4.hpp
  D:\Ange Tests\Install\ANGE\Vendor\GLM\glm\detail\type_mat2x4.inl -> D:\Ange Tests\Install\ANGE\Install\include\glm\detail\type_mat2x4.inl
  D:\Ange Tests\Install\ANGE\Vendor\GLM\glm\detail\type_mat3x2.hpp -> D:\Ange Tests\Install\ANGE\Install\include\glm\detail\type_mat3x2.hpp
  D:\Ange Tests\Install\ANGE\Vendor\GLM\glm\detail\type_mat3x2.inl -> D:\Ange Tests\Install\ANGE\Install\include\glm\detail\type_mat3x2.inl
  D:\Ange Tests\Install\ANGE\Vendor\GLM\glm\detail\type_mat3x3.hpp -> D:\Ange Tests\Install\ANGE\Install\include\glm\detail\type_mat3x3.hpp
  D:\Ange Tests\Install\ANGE\Vendor\GLM\glm\detail\type_mat3x3.inl -> D:\Ange Tests\Install\ANGE\Install\include\glm\detail\type_mat3x3.inl
  D:\Ange Tests\Install\ANGE\Vendor\GLM\glm\detail\type_mat3x4.hpp -> D:\Ange Tests\Install\ANGE\Install\include\glm\detail\type_mat3x4.hpp
  D:\Ange Tests\Install\ANGE\Vendor\GLM\glm\detail\type_mat3x4.inl -> D:\Ange Tests\Install\ANGE\Install\include\glm\detail\type_mat3x4.inl
  D:\Ange Tests\Install\ANGE\Vendor\GLM\glm\detail\type_mat4x2.hpp -> D:\Ange Tests\Install\ANGE\Install\include\glm\detail\type_mat4x2.hpp
  D:\Ange Tests\Install\ANGE\Vendor\GLM\glm\detail\type_mat4x2.inl -> D:\Ange Tests\Install\ANGE\Install\include\glm\detail\type_mat4x2.inl
  D:\Ange Tests\Install\ANGE\Vendor\GLM\glm\detail\type_mat4x3.hpp -> D:\Ange Tests\Install\ANGE\Install\include\glm\detail\type_mat4x3.hpp
  D:\Ange Tests\Install\ANGE\Vendor\GLM\glm\detail\type_mat4x3.inl -> D:\Ange Tests\Install\ANGE\Install\include\glm\detail\type_mat4x3.inl
  D:\Ange Tests\Install\ANGE\Vendor\GLM\glm\detail\type_mat4x4.hpp -> D:\Ange Tests\Install\ANGE\Install\include\glm\detail\type_mat4x4.hpp
  D:\Ange Tests\Install\ANGE\Vendor\GLM\glm\detail\type_mat4x4.inl -> D:\Ange Tests\Install\ANGE\Install\include\glm\detail\type_mat4x4.inl
  D:\Ange Tests\Install\ANGE\Vendor\GLM\glm\detail\type_mat4x4_simd.inl -> D:\Ange Tests\Install\ANGE\Install\include\glm\detail\type_mat4x4_simd.inl
  D:\Ange Tests\Install\ANGE\Vendor\GLM\glm\detail\type_quat.hpp -> D:\Ange Tests\Install\ANGE\Install\include\glm\detail\type_quat.hpp
  D:\Ange Tests\Install\ANGE\Vendor\GLM\glm\detail\type_quat.inl -> D:\Ange Tests\Install\ANGE\Install\include\glm\detail\type_quat.inl
  D:\Ange Tests\Install\ANGE\Vendor\GLM\glm\detail\type_quat_simd.inl -> D:\Ange Tests\Install\ANGE\Install\include\glm\detail\type_quat_simd.inl
  D:\Ange Tests\Install\ANGE\Vendor\GLM\glm\detail\type_vec1.hpp -> D:\Ange Tests\Install\ANGE\Install\include\glm\detail\type_vec1.hpp
  D:\Ange Tests\Install\ANGE\Vendor\GLM\glm\detail\type_vec1.inl -> D:\Ange Tests\Install\ANGE\Install\include\glm\detail\type_vec1.inl
  D:\Ange Tests\Install\ANGE\Vendor\GLM\glm\detail\type_vec2.hpp -> D:\Ange Tests\Install\ANGE\Install\include\glm\detail\type_vec2.hpp
  D:\Ange Tests\Install\ANGE\Vendor\GLM\glm\detail\type_vec2.inl -> D:\Ange Tests\Install\ANGE\Install\include\glm\detail\type_vec2.inl
  D:\Ange Tests\Install\ANGE\Vendor\GLM\glm\detail\type_vec3.hpp -> D:\Ange Tests\Install\ANGE\Install\include\glm\detail\type_vec3.hpp
  D:\Ange Tests\Install\ANGE\Vendor\GLM\glm\detail\type_vec3.inl -> D:\Ange Tests\Install\ANGE\Install\include\glm\detail\type_vec3.inl
  D:\Ange Tests\Install\ANGE\Vendor\GLM\glm\detail\type_vec4.hpp -> D:\Ange Tests\Install\ANGE\Install\include\glm\detail\type_vec4.hpp
  D:\Ange Tests\Install\ANGE\Vendor\GLM\glm\detail\type_vec4.inl -> D:\Ange Tests\Install\ANGE\Install\include\glm\detail\type_vec4.inl
  D:\Ange Tests\Install\ANGE\Vendor\GLM\glm\detail\type_vec4_simd.inl -> D:\Ange Tests\Install\ANGE\Install\include\glm\detail\type_vec4_simd.inl
  D:\Ange Tests\Install\ANGE\Vendor\GLM\glm\detail\_features.hpp -> D:\Ange Tests\Install\ANGE\Install\include\glm\detail\_features.hpp
  D:\Ange Tests\Install\ANGE\Vendor\GLM\glm\detail\_fixes.hpp -> D:\Ange Tests\Install\ANGE\Install\include\glm\detail\_fixes.hpp
  D:\Ange Tests\Install\ANGE\Vendor\GLM\glm\detail\_noise.hpp -> D:\Ange Tests\Install\ANGE\Install\include\glm\detail\_noise.hpp
  D:\Ange Tests\Install\ANGE\Vendor\GLM\glm\detail\_swizzle.hpp -> D:\Ange Tests\Install\ANGE\Install\include\glm\detail\_swizzle.hpp
  D:\Ange Tests\Install\ANGE\Vendor\GLM\glm\detail\_swizzle_func.hpp -> D:\Ange Tests\Install\ANGE\Install\include\glm\detail\_swizzle_func.hpp
  D:\Ange Tests\Install\ANGE\Vendor\GLM\glm\detail\_vectorize.hpp -> D:\Ange Tests\Install\ANGE\Install\include\glm\detail\_vectorize.hpp
  D:\Ange Tests\Install\ANGE\Vendor\GLM\glm\ext\matrix_clip_space.hpp -> D:\Ange Tests\Install\ANGE\Install\include\glm\ext\matrix_clip_space.hpp
  D:\Ange Tests\Install\ANGE\Vendor\GLM\glm\ext\matrix_clip_space.inl -> D:\Ange Tests\Install\ANGE\Install\include\glm\ext\matrix_clip_space.inl
  D:\Ange Tests\Install\ANGE\Vendor\GLM\glm\ext\matrix_double2x2.hpp -> D:\Ange Tests\Install\ANGE\Install\include\glm\ext\matrix_double2x2.hpp
  D:\Ange Tests\Install\ANGE\Vendor\GLM\glm\ext\matrix_double2x2_precision.hpp -> D:\Ange Tests\Install\ANGE\Install\include\glm\ext\matrix_double2x2_precision.hpp
  D:\Ange Tests\Install\ANGE\Vendor\GLM\glm\ext\matrix_double2x3.hpp -> D:\Ange Tests\Install\ANGE\Install\include\glm\ext\matrix_double2x3.hpp
  D:\Ange Tests\Install\ANGE\Vendor\GLM\glm\ext\matrix_double2x3_precision.hpp -> D:\Ange Tests\Install\ANGE\Install\include\glm\ext\matrix_double2x3_precision.hpp
  D:\Ange Tests\Install\ANGE\Vendor\GLM\glm\ext\matrix_double2x4.hpp -> D:\Ange Tests\Install\ANGE\Install\include\glm\ext\matrix_double2x4.hpp
  D:\Ange Tests\Install\ANGE\Vendor\GLM\glm\ext\matrix_double2x4_precision.hpp -> D:\Ange Tests\Install\ANGE\Install\include\glm\ext\matrix_double2x4_precision.hpp
  D:\Ange Tests\Install\ANGE\Vendor\GLM\glm\ext\matrix_double3x2.hpp -> D:\Ange Tests\Install\ANGE\Install\include\glm\ext\matrix_double3x2.hpp
  D:\Ange Tests\Install\ANGE\Vendor\GLM\glm\ext\matrix_double3x2_precision.hpp -> D:\Ange Tests\Install\ANGE\Install\include\glm\ext\matrix_double3x2_precision.hpp
  D:\Ange Tests\Install\ANGE\Vendor\GLM\glm\ext\matrix_double3x3.hpp -> D:\Ange Tests\Install\ANGE\Install\include\glm\ext\matrix_double3x3.hpp
  D:\Ange Tests\Install\ANGE\Vendor\GLM\glm\ext\matrix_double3x3_precision.hpp -> D:\Ange Tests\Install\ANGE\Install\include\glm\ext\matrix_double3x3_precision.hpp
  D:\Ange Tests\Install\ANGE\Vendor\GLM\glm\ext\matrix_double3x4.hpp -> D:\Ange Tests\Install\ANGE\Install\include\glm\ext\matrix_double3x4.hpp
  D:\Ange Tests\Install\ANGE\Vendor\GLM\glm\ext\matrix_double3x4_precision.hpp -> D:\Ange Tests\Install\ANGE\Install\include\glm\ext\matrix_double3x4_precision.hpp
  D:\Ange Tests\Install\ANGE\Vendor\GLM\glm\ext\matrix_double4x2.hpp -> D:\Ange Tests\Install\ANGE\Install\include\glm\ext\matrix_double4x2.hpp
  D:\Ange Tests\Install\ANGE\Vendor\GLM\glm\ext\matrix_double4x2_precision.hpp -> D:\Ange Tests\Install\ANGE\Install\include\glm\ext\matrix_double4x2_precision.hpp
  D:\Ange Tests\Install\ANGE\Vendor\GLM\glm\ext\matrix_double4x3.hpp -> D:\Ange Tests\Install\ANGE\Install\include\glm\ext\matrix_double4x3.hpp
  D:\Ange Tests\Install\ANGE\Vendor\GLM\glm\ext\matrix_double4x3_precision.hpp -> D:\Ange Tests\Install\ANGE\Install\include\glm\ext\matrix_double4x3_precision.hpp
  D:\Ange Tests\Install\ANGE\Vendor\GLM\glm\ext\matrix_double4x4.hpp -> D:\Ange Tests\Install\ANGE\Install\include\glm\ext\matrix_double4x4.hpp
  D:\Ange Tests\Install\ANGE\Vendor\GLM\glm\ext\matrix_double4x4_precision.hpp -> D:\Ange Tests\Install\ANGE\Install\include\glm\ext\matrix_double4x4_precision.hpp
  D:\Ange Tests\Install\ANGE\Vendor\GLM\glm\ext\matrix_float2x2.hpp -> D:\Ange Tests\Install\ANGE\Install\include\glm\ext\matrix_float2x2.hpp
  D:\Ange Tests\Install\ANGE\Vendor\GLM\glm\ext\matrix_float2x2_precision.hpp -> D:\Ange Tests\Install\ANGE\Install\include\glm\ext\matrix_float2x2_precision.hpp
  D:\Ange Tests\Install\ANGE\Vendor\GLM\glm\ext\matrix_float2x3.hpp -> D:\Ange Tests\Install\ANGE\Install\include\glm\ext\matrix_float2x3.hpp
  D:\Ange Tests\Install\ANGE\Vendor\GLM\glm\ext\matrix_float2x3_precision.hpp -> D:\Ange Tests\Install\ANGE\Install\include\glm\ext\matrix_float2x3_precision.hpp
  D:\Ange Tests\Install\ANGE\Vendor\GLM\glm\ext\matrix_float2x4.hpp -> D:\Ange Tests\Install\ANGE\Install\include\glm\ext\matrix_float2x4.hpp
  D:\Ange Tests\Install\ANGE\Vendor\GLM\glm\ext\matrix_float2x4_precision.hpp -> D:\Ange Tests\Install\ANGE\Install\include\glm\ext\matrix_float2x4_precision.hpp
  D:\Ange Tests\Install\ANGE\Vendor\GLM\glm\ext\matrix_float3x2.hpp -> D:\Ange Tests\Install\ANGE\Install\include\glm\ext\matrix_float3x2.hpp
  D:\Ange Tests\Install\ANGE\Vendor\GLM\glm\ext\matrix_float3x2_precision.hpp -> D:\Ange Tests\Install\ANGE\Install\include\glm\ext\matrix_float3x2_precision.hpp
  D:\Ange Tests\Install\ANGE\Vendor\GLM\glm\ext\matrix_float3x3.hpp -> D:\Ange Tests\Install\ANGE\Install\include\glm\ext\matrix_float3x3.hpp
  D:\Ange Tests\Install\ANGE\Vendor\GLM\glm\ext\matrix_float3x3_precision.hpp -> D:\Ange Tests\Install\ANGE\Install\include\glm\ext\matrix_float3x3_precision.hpp
  D:\Ange Tests\Install\ANGE\Vendor\GLM\glm\ext\matrix_float3x4.hpp -> D:\Ange Tests\Install\ANGE\Install\include\glm\ext\matrix_float3x4.hpp
  D:\Ange Tests\Install\ANGE\Vendor\GLM\glm\ext\matrix_float3x4_precision.hpp -> D:\Ange Tests\Install\ANGE\Install\include\glm\ext\matrix_float3x4_precision.hpp
  D:\Ange Tests\Install\ANGE\Vendor\GLM\glm\ext\matrix_float4x2.hpp -> D:\Ange Tests\Install\ANGE\Install\include\glm\ext\matrix_float4x2.hpp
  D:\Ange Tests\Install\ANGE\Vendor\GLM\glm\ext\matrix_float4x2_precision.hpp -> D:\Ange Tests\Install\ANGE\Install\include\glm\ext\matrix_float4x2_precision.hpp
  D:\Ange Tests\Install\ANGE\Vendor\GLM\glm\ext\matrix_float4x3.hpp -> D:\Ange Tests\Install\ANGE\Install\include\glm\ext\matrix_float4x3.hpp
  D:\Ange Tests\Install\ANGE\Vendor\GLM\glm\ext\matrix_float4x3_precision.hpp -> D:\Ange Tests\Install\ANGE\Install\include\glm\ext\matrix_float4x3_precision.hpp
  D:\Ange Tests\Install\ANGE\Vendor\GLM\glm\ext\matrix_float4x4.hpp -> D:\Ange Tests\Install\ANGE\Install\include\glm\ext\matrix_float4x4.hpp
  D:\Ange Tests\Install\ANGE\Vendor\GLM\glm\ext\matrix_float4x4_precision.hpp -> D:\Ange Tests\Install\ANGE\Install\include\glm\ext\matrix_float4x4_precision.hpp
  D:\Ange Tests\Install\ANGE\Vendor\GLM\glm\ext\matrix_projection.hpp -> D:\Ange Tests\Install\ANGE\Install\include\glm\ext\matrix_projection.hpp
  D:\Ange Tests\Install\ANGE\Vendor\GLM\glm\ext\matrix_projection.inl -> D:\Ange Tests\Install\ANGE\Install\include\glm\ext\matrix_projection.inl
  D:\Ange Tests\Install\ANGE\Vendor\GLM\glm\ext\matrix_relational.hpp -> D:\Ange Tests\Install\ANGE\Install\include\glm\ext\matrix_relational.hpp
  D:\Ange Tests\Install\ANGE\Vendor\GLM\glm\ext\matrix_relational.inl -> D:\Ange Tests\Install\ANGE\Install\include\glm\ext\matrix_relational.inl
  D:\Ange Tests\Install\ANGE\Vendor\GLM\glm\ext\matrix_transform.hpp -> D:\Ange Tests\Install\ANGE\Install\include\glm\ext\matrix_transform.hpp
  D:\Ange Tests\Install\ANGE\Vendor\GLM\glm\ext\matrix_transform.inl -> D:\Ange Tests\Install\ANGE\Install\include\glm\ext\matrix_transform.inl
  D:\Ange Tests\Install\ANGE\Vendor\GLM\glm\ext\quaternion_common.hpp -> D:\Ange Tests\Install\ANGE\Install\include\glm\ext\quaternion_common.hpp
  D:\Ange Tests\Install\ANGE\Vendor\GLM\glm\ext\quaternion_common.inl -> D:\Ange Tests\Install\ANGE\Install\include\glm\ext\quaternion_common.inl
  D:\Ange Tests\Install\ANGE\Vendor\GLM\glm\ext\quaternion_common_simd.inl -> D:\Ange Tests\Install\ANGE\Install\include\glm\ext\quaternion_common_simd.inl
  D:\Ange Tests\Install\ANGE\Vendor\GLM\glm\ext\quaternion_double.hpp -> D:\Ange Tests\Install\ANGE\Install\include\glm\ext\quaternion_double.hpp
  D:\Ange Tests\Install\ANGE\Vendor\GLM\glm\ext\quaternion_double_precision.hpp -> D:\Ange Tests\Install\ANGE\Install\include\glm\ext\quaternion_double_precision.hpp
  D:\Ange Tests\Install\ANGE\Vendor\GLM\glm\ext\quaternion_exponential.hpp -> D:\Ange Tests\Install\ANGE\Install\include\glm\ext\quaternion_exponential.hpp
  D:\Ange Tests\Install\ANGE\Vendor\GLM\glm\ext\quaternion_exponential.inl -> D:\Ange Tests\Install\ANGE\Install\include\glm\ext\quaternion_exponential.inl
  D:\Ange Tests\Install\ANGE\Vendor\GLM\glm\ext\quaternion_float.hpp -> D:\Ange Tests\Install\ANGE\Install\include\glm\ext\quaternion_float.hpp
  D:\Ange Tests\Install\ANGE\Vendor\GLM\glm\ext\quaternion_float_precision.hpp -> D:\Ange Tests\Install\ANGE\Install\include\glm\ext\quaternion_float_precision.hpp
  D:\Ange Tests\Install\ANGE\Vendor\GLM\glm\ext\quaternion_geometric.hpp -> D:\Ange Tests\Install\ANGE\Install\include\glm\ext\quaternion_geometric.hpp
  D:\Ange Tests\Install\ANGE\Vendor\GLM\glm\ext\quaternion_geometric.inl -> D:\Ange Tests\Install\ANGE\Install\include\glm\ext\quaternion_geometric.inl
  D:\Ange Tests\Install\ANGE\Vendor\GLM\glm\ext\quaternion_relational.hpp -> D:\Ange Tests\Install\ANGE\Install\include\glm\ext\quaternion_relational.hpp
  D:\Ange Tests\Install\ANGE\Vendor\GLM\glm\ext\quaternion_relational.inl -> D:\Ange Tests\Install\ANGE\Install\include\glm\ext\quaternion_relational.inl
  D:\Ange Tests\Install\ANGE\Vendor\GLM\glm\ext\quaternion_transform.hpp -> D:\Ange Tests\Install\ANGE\Install\include\glm\ext\quaternion_transform.hpp
  D:\Ange Tests\Install\ANGE\Vendor\GLM\glm\ext\quaternion_transform.inl -> D:\Ange Tests\Install\ANGE\Install\include\glm\ext\quaternion_transform.inl
  D:\Ange Tests\Install\ANGE\Vendor\GLM\glm\ext\quaternion_trigonometric.hpp -> D:\Ange Tests\Install\ANGE\Install\include\glm\ext\quaternion_trigonometric.hpp
  D:\Ange Tests\Install\ANGE\Vendor\GLM\glm\ext\quaternion_trigonometric.inl -> D:\Ange Tests\Install\ANGE\Install\include\glm\ext\quaternion_trigonometric.inl
  D:\Ange Tests\Install\ANGE\Vendor\GLM\glm\ext\scalar_common.hpp -> D:\Ange Tests\Install\ANGE\Install\include\glm\ext\scalar_common.hpp
  D:\Ange Tests\Install\ANGE\Vendor\GLM\glm\ext\scalar_common.inl -> D:\Ange Tests\Install\ANGE\Install\include\glm\ext\scalar_common.inl
  D:\Ange Tests\Install\ANGE\Vendor\GLM\glm\ext\scalar_constants.hpp -> D:\Ange Tests\Install\ANGE\Install\include\glm\ext\scalar_constants.hpp
  D:\Ange Tests\Install\ANGE\Vendor\GLM\glm\ext\scalar_constants.inl -> D:\Ange Tests\Install\ANGE\Install\include\glm\ext\scalar_constants.inl
  D:\Ange Tests\Install\ANGE\Vendor\GLM\glm\ext\scalar_int_sized.hpp -> D:\Ange Tests\Install\ANGE\Install\include\glm\ext\scalar_int_sized.hpp
  D:\Ange Tests\Install\ANGE\Vendor\GLM\glm\ext\scalar_relational.hpp -> D:\Ange Tests\Install\ANGE\Install\include\glm\ext\scalar_relational.hpp
  D:\Ange Tests\Install\ANGE\Vendor\GLM\glm\ext\scalar_relational.inl -> D:\Ange Tests\Install\ANGE\Install\include\glm\ext\scalar_relational.inl
  D:\Ange Tests\Install\ANGE\Vendor\GLM\glm\ext\scalar_uint_sized.hpp -> D:\Ange Tests\Install\ANGE\Install\include\glm\ext\scalar_uint_sized.hpp
  D:\Ange Tests\Install\ANGE\Vendor\GLM\glm\ext\scalar_ulp.hpp -> D:\Ange Tests\Install\ANGE\Install\include\glm\ext\scalar_ulp.hpp
  D:\Ange Tests\Install\ANGE\Vendor\GLM\glm\ext\scalar_ulp.inl -> D:\Ange Tests\Install\ANGE\Install\include\glm\ext\scalar_ulp.inl
  D:\Ange Tests\Install\ANGE\Vendor\GLM\glm\ext\vector_bool1.hpp -> D:\Ange Tests\Install\ANGE\Install\include\glm\ext\vector_bool1.hpp
  D:\Ange Tests\Install\ANGE\Vendor\GLM\glm\ext\vector_bool1_precision.hpp -> D:\Ange Tests\Install\ANGE\Install\include\glm\ext\vector_bool1_precision.hpp
  D:\Ange Tests\Install\ANGE\Vendor\GLM\glm\ext\vector_bool2.hpp -> D:\Ange Tests\Install\ANGE\Install\include\glm\ext\vector_bool2.hpp
  D:\Ange Tests\Install\ANGE\Vendor\GLM\glm\ext\vector_bool2_precision.hpp -> D:\Ange Tests\Install\ANGE\Install\include\glm\ext\vector_bool2_precision.hpp
  D:\Ange Tests\Install\ANGE\Vendor\GLM\glm\ext\vector_bool3.hpp -> D:\Ange Tests\Install\ANGE\Install\include\glm\ext\vector_bool3.hpp
  D:\Ange Tests\Install\ANGE\Vendor\GLM\glm\ext\vector_bool3_precision.hpp -> D:\Ange Tests\Install\ANGE\Install\include\glm\ext\vector_bool3_precision.hpp
  D:\Ange Tests\Install\ANGE\Vendor\GLM\glm\ext\vector_bool4.hpp -> D:\Ange Tests\Install\ANGE\Install\include\glm\ext\vector_bool4.hpp
  D:\Ange Tests\Install\ANGE\Vendor\GLM\glm\ext\vector_bool4_precision.hpp -> D:\Ange Tests\Install\ANGE\Install\include\glm\ext\vector_bool4_precision.hpp
  D:\Ange Tests\Install\ANGE\Vendor\GLM\glm\ext\vector_common.hpp -> D:\Ange Tests\Install\ANGE\Install\include\glm\ext\vector_common.hpp
  D:\Ange Tests\Install\ANGE\Vendor\GLM\glm\ext\vector_common.inl -> D:\Ange Tests\Install\ANGE\Install\include\glm\ext\vector_common.inl
  D:\Ange Tests\Install\ANGE\Vendor\GLM\glm\ext\vector_double1.hpp -> D:\Ange Tests\Install\ANGE\Install\include\glm\ext\vector_double1.hpp
  D:\Ange Tests\Install\ANGE\Vendor\GLM\glm\ext\vector_double1_precision.hpp -> D:\Ange Tests\Install\ANGE\Install\include\glm\ext\vector_double1_precision.hpp
  D:\Ange Tests\Install\ANGE\Vendor\GLM\glm\ext\vector_double2.hpp -> D:\Ange Tests\Install\ANGE\Install\include\glm\ext\vector_double2.hpp
  D:\Ange Tests\Install\ANGE\Vendor\GLM\glm\ext\vector_double2_precision.hpp -> D:\Ange Tests\Install\ANGE\Install\include\glm\ext\vector_double2_precision.hpp
  D:\Ange Tests\Install\ANGE\Vendor\GLM\glm\ext\vector_double3.hpp -> D:\Ange Tests\Install\ANGE\Install\include\glm\ext\vector_double3.hpp
  D:\Ange Tests\Install\ANGE\Vendor\GLM\glm\ext\vector_double3_precision.hpp -> D:\Ange Tests\Install\ANGE\Install\include\glm\ext\vector_double3_precision.hpp
  D:\Ange Tests\Install\ANGE\Vendor\GLM\glm\ext\vector_double4.hpp -> D:\Ange Tests\Install\ANGE\Install\include\glm\ext\vector_double4.hpp
  D:\Ange Tests\Install\ANGE\Vendor\GLM\glm\ext\vector_double4_precision.hpp -> D:\Ange Tests\Install\ANGE\Install\include\glm\ext\vector_double4_precision.hpp
  D:\Ange Tests\Install\ANGE\Vendor\GLM\glm\ext\vector_float1.hpp -> D:\Ange Tests\Install\ANGE\Install\include\glm\ext\vector_float1.hpp
  D:\Ange Tests\Install\ANGE\Vendor\GLM\glm\ext\vector_float1_precision.hpp -> D:\Ange Tests\Install\ANGE\Install\include\glm\ext\vector_float1_precision.hpp
  D:\Ange Tests\Install\ANGE\Vendor\GLM\glm\ext\vector_float2.hpp -> D:\Ange Tests\Install\ANGE\Install\include\glm\ext\vector_float2.hpp
  D:\Ange Tests\Install\ANGE\Vendor\GLM\glm\ext\vector_float2_precision.hpp -> D:\Ange Tests\Install\ANGE\Install\include\glm\ext\vector_float2_precision.hpp
  D:\Ange Tests\Install\ANGE\Vendor\GLM\glm\ext\vector_float3.hpp -> D:\Ange Tests\Install\ANGE\Install\include\glm\ext\vector_float3.hpp
  D:\Ange Tests\Install\ANGE\Vendor\GLM\glm\ext\vector_float3_precision.hpp -> D:\Ange Tests\Install\ANGE\Install\include\glm\ext\vector_float3_precision.hpp
  D:\Ange Tests\Install\ANGE\Vendor\GLM\glm\ext\vector_float4.hpp -> D:\Ange Tests\Install\ANGE\Install\include\glm\ext\vector_float4.hpp
  D:\Ange Tests\Install\ANGE\Vendor\GLM\glm\ext\vector_float4_precision.hpp -> D:\Ange Tests\Install\ANGE\Install\include\glm\ext\vector_float4_precision.hpp
  D:\Ange Tests\Install\ANGE\Vendor\GLM\glm\ext\vector_int1.hpp -> D:\Ange Tests\Install\ANGE\Install\include\glm\ext\vector_int1.hpp
  D:\Ange Tests\Install\ANGE\Vendor\GLM\glm\ext\vector_int1_precision.hpp -> D:\Ange Tests\Install\ANGE\Install\include\glm\ext\vector_int1_precision.hpp
  D:\Ange Tests\Install\ANGE\Vendor\GLM\glm\ext\vector_int2.hpp -> D:\Ange Tests\Install\ANGE\Install\include\glm\ext\vector_int2.hpp
  D:\Ange Tests\Install\ANGE\Vendor\GLM\glm\ext\vector_int2_precision.hpp -> D:\Ange Tests\Install\ANGE\Install\include\glm\ext\vector_int2_precision.hpp
  D:\Ange Tests\Install\ANGE\Vendor\GLM\glm\ext\vector_int3.hpp -> D:\Ange Tests\Install\ANGE\Install\include\glm\ext\vector_int3.hpp
  D:\Ange Tests\Install\ANGE\Vendor\GLM\glm\ext\vector_int3_precision.hpp -> D:\Ange Tests\Install\ANGE\Install\include\glm\ext\vector_int3_precision.hpp
  D:\Ange Tests\Install\ANGE\Vendor\GLM\glm\ext\vector_int4.hpp -> D:\Ange Tests\Install\ANGE\Install\include\glm\ext\vector_int4.hpp
  D:\Ange Tests\Install\ANGE\Vendor\GLM\glm\ext\vector_int4_precision.hpp -> D:\Ange Tests\Install\ANGE\Install\include\glm\ext\vector_int4_precision.hpp
  D:\Ange Tests\Install\ANGE\Vendor\GLM\glm\ext\vector_relational.hpp -> D:\Ange Tests\Install\ANGE\Install\include\glm\ext\vector_relational.hpp
  D:\Ange Tests\Install\ANGE\Vendor\GLM\glm\ext\vector_relational.inl -> D:\Ange Tests\Install\ANGE\Install\include\glm\ext\vector_relational.inl
  D:\Ange Tests\Install\ANGE\Vendor\GLM\glm\ext\vector_uint1.hpp -> D:\Ange Tests\Install\ANGE\Install\include\glm\ext\vector_uint1.hpp
  D:\Ange Tests\Install\ANGE\Vendor\GLM\glm\ext\vector_uint1_precision.hpp -> D:\Ange Tests\Install\ANGE\Install\include\glm\ext\vector_uint1_precision.hpp
  D:\Ange Tests\Install\ANGE\Vendor\GLM\glm\ext\vector_uint2.hpp -> D:\Ange Tests\Install\ANGE\Install\include\glm\ext\vector_uint2.hpp
  D:\Ange Tests\Install\ANGE\Vendor\GLM\glm\ext\vector_uint2_precision.hpp -> D:\Ange Tests\Install\ANGE\Install\include\glm\ext\vector_uint2_precision.hpp
  D:\Ange Tests\Install\ANGE\Vendor\GLM\glm\ext\vector_uint3.hpp -> D:\Ange Tests\Install\ANGE\Install\include\glm\ext\vector_uint3.hpp
  D:\Ange Tests\Install\ANGE\Vendor\GLM\glm\ext\vector_uint3_precision.hpp -> D:\Ange Tests\Install\ANGE\Install\include\glm\ext\vector_uint3_precision.hpp
  D:\Ange Tests\Install\ANGE\Vendor\GLM\glm\ext\vector_uint4.hpp -> D:\Ange Tests\Install\ANGE\Install\include\glm\ext\vector_uint4.hpp
  D:\Ange Tests\Install\ANGE\Vendor\GLM\glm\ext\vector_uint4_precision.hpp -> D:\Ange Tests\Install\ANGE\Install\include\glm\ext\vector_uint4_precision.hpp
  D:\Ange Tests\Install\ANGE\Vendor\GLM\glm\ext\vector_ulp.hpp -> D:\Ange Tests\Install\ANGE\Install\include\glm\ext\vector_ulp.hpp
  D:\Ange Tests\Install\ANGE\Vendor\GLM\glm\ext\vector_ulp.inl -> D:\Ange Tests\Install\ANGE\Install\include\glm\ext\vector_ulp.inl
  D:\Ange Tests\Install\ANGE\Vendor\GLM\glm\gtc\bitfield.hpp -> D:\Ange Tests\Install\ANGE\Install\include\glm\gtc\bitfield.hpp
  D:\Ange Tests\Install\ANGE\Vendor\GLM\glm\gtc\bitfield.inl -> D:\Ange Tests\Install\ANGE\Install\include\glm\gtc\bitfield.inl
  D:\Ange Tests\Install\ANGE\Vendor\GLM\glm\gtc\color_space.hpp -> D:\Ange Tests\Install\ANGE\Install\include\glm\gtc\color_space.hpp
  D:\Ange Tests\Install\ANGE\Vendor\GLM\glm\gtc\color_space.inl -> D:\Ange Tests\Install\ANGE\Install\include\glm\gtc\color_space.inl
  D:\Ange Tests\Install\ANGE\Vendor\GLM\glm\gtc\constants.hpp -> D:\Ange Tests\Install\ANGE\Install\include\glm\gtc\constants.hpp
  D:\Ange Tests\Install\ANGE\Vendor\GLM\glm\gtc\constants.inl -> D:\Ange Tests\Install\ANGE\Install\include\glm\gtc\constants.inl
  D:\Ange Tests\Install\ANGE\Vendor\GLM\glm\gtc\epsilon.hpp -> D:\Ange Tests\Install\ANGE\Install\include\glm\gtc\epsilon.hpp
  D:\Ange Tests\Install\ANGE\Vendor\GLM\glm\gtc\epsilon.inl -> D:\Ange Tests\Install\ANGE\Install\include\glm\gtc\epsilon.inl
  D:\Ange Tests\Install\ANGE\Vendor\GLM\glm\gtc\integer.hpp -> D:\Ange Tests\Install\ANGE\Install\include\glm\gtc\integer.hpp
  D:\Ange Tests\Install\ANGE\Vendor\GLM\glm\gtc\integer.inl -> D:\Ange Tests\Install\ANGE\Install\include\glm\gtc\integer.inl
  D:\Ange Tests\Install\ANGE\Vendor\GLM\glm\gtc\matrix_access.hpp -> D:\Ange Tests\Install\ANGE\Install\include\glm\gtc\matrix_access.hpp
  D:\Ange Tests\Install\ANGE\Vendor\GLM\glm\gtc\matrix_access.inl -> D:\Ange Tests\Install\ANGE\Install\include\glm\gtc\matrix_access.inl
  D:\Ange Tests\Install\ANGE\Vendor\GLM\glm\gtc\matrix_integer.hpp -> D:\Ange Tests\Install\ANGE\Install\include\glm\gtc\matrix_integer.hpp
  D:\Ange Tests\Install\ANGE\Vendor\GLM\glm\gtc\matrix_inverse.hpp -> D:\Ange Tests\Install\ANGE\Install\include\glm\gtc\matrix_inverse.hpp
  D:\Ange Tests\Install\ANGE\Vendor\GLM\glm\gtc\matrix_inverse.inl -> D:\Ange Tests\Install\ANGE\Install\include\glm\gtc\matrix_inverse.inl
  D:\Ange Tests\Install\ANGE\Vendor\GLM\glm\gtc\matrix_transform.hpp -> D:\Ange Tests\Install\ANGE\Install\include\glm\gtc\matrix_transform.hpp
  D:\Ange Tests\Install\ANGE\Vendor\GLM\glm\gtc\matrix_transform.inl -> D:\Ange Tests\Install\ANGE\Install\include\glm\gtc\matrix_transform.inl
  D:\Ange Tests\Install\ANGE\Vendor\GLM\glm\gtc\noise.hpp -> D:\Ange Tests\Install\ANGE\Install\include\glm\gtc\noise.hpp
  D:\Ange Tests\Install\ANGE\Vendor\GLM\glm\gtc\noise.inl -> D:\Ange Tests\Install\ANGE\Install\include\glm\gtc\noise.inl
  D:\Ange Tests\Install\ANGE\Vendor\GLM\glm\gtc\packing.hpp -> D:\Ange Tests\Install\ANGE\Install\include\glm\gtc\packing.hpp
  D:\Ange Tests\Install\ANGE\Vendor\GLM\glm\gtc\packing.inl -> D:\Ange Tests\Install\ANGE\Install\include\glm\gtc\packing.inl
  D:\Ange Tests\Install\ANGE\Vendor\GLM\glm\gtc\quaternion.hpp -> D:\Ange Tests\Install\ANGE\Install\include\glm\gtc\quaternion.hpp
  D:\Ange Tests\Install\ANGE\Vendor\GLM\glm\gtc\quaternion.inl -> D:\Ange Tests\Install\ANGE\Install\include\glm\gtc\quaternion.inl
  D:\Ange Tests\Install\ANGE\Vendor\GLM\glm\gtc\quaternion_simd.inl -> D:\Ange Tests\Install\ANGE\Install\include\glm\gtc\quaternion_simd.inl
  D:\Ange Tests\Install\ANGE\Vendor\GLM\glm\gtc\random.hpp -> D:\Ange Tests\Install\ANGE\Install\include\glm\gtc\random.hpp
  D:\Ange Tests\Install\ANGE\Vendor\GLM\glm\gtc\random.inl -> D:\Ange Tests\Install\ANGE\Install\include\glm\gtc\random.inl
  D:\Ange Tests\Install\ANGE\Vendor\GLM\glm\gtc\reciprocal.hpp -> D:\Ange Tests\Install\ANGE\Install\include\glm\gtc\reciprocal.hpp
  D:\Ange Tests\Install\ANGE\Vendor\GLM\glm\gtc\reciprocal.inl -> D:\Ange Tests\Install\ANGE\Install\include\glm\gtc\reciprocal.inl
  D:\Ange Tests\Install\ANGE\Vendor\GLM\glm\gtc\round.hpp -> D:\Ange Tests\Install\ANGE\Install\include\glm\gtc\round.hpp
  D:\Ange Tests\Install\ANGE\Vendor\GLM\glm\gtc\round.inl -> D:\Ange Tests\Install\ANGE\Install\include\glm\gtc\round.inl
  D:\Ange Tests\Install\ANGE\Vendor\GLM\glm\gtc\type_aligned.hpp -> D:\Ange Tests\Install\ANGE\Install\include\glm\gtc\type_aligned.hpp
  D:\Ange Tests\Install\ANGE\Vendor\GLM\glm\gtc\type_precision.hpp -> D:\Ange Tests\Install\ANGE\Install\include\glm\gtc\type_precision.hpp
  D:\Ange Tests\Install\ANGE\Vendor\GLM\glm\gtc\type_precision.inl -> D:\Ange Tests\Install\ANGE\Install\include\glm\gtc\type_precision.inl
  D:\Ange Tests\Install\ANGE\Vendor\GLM\glm\gtc\type_ptr.hpp -> D:\Ange Tests\Install\ANGE\Install\include\glm\gtc\type_ptr.hpp
  D:\Ange Tests\Install\ANGE\Vendor\GLM\glm\gtc\type_ptr.inl -> D:\Ange Tests\Install\ANGE\Install\include\glm\gtc\type_ptr.inl
  D:\Ange Tests\Install\ANGE\Vendor\GLM\glm\gtc\ulp.hpp -> D:\Ange Tests\Install\ANGE\Install\include\glm\gtc\ulp.hpp
  D:\Ange Tests\Install\ANGE\Vendor\GLM\glm\gtc\ulp.inl -> D:\Ange Tests\Install\ANGE\Install\include\glm\gtc\ulp.inl
  D:\Ange Tests\Install\ANGE\Vendor\GLM\glm\gtc\vec1.hpp -> D:\Ange Tests\Install\ANGE\Install\include\glm\gtc\vec1.hpp
  D:\Ange Tests\Install\ANGE\Vendor\GLM\glm\gtx\associated_min_max.hpp -> D:\Ange Tests\Install\ANGE\Install\include\glm\gtx\associated_min_max.hpp
  D:\Ange Tests\Install\ANGE\Vendor\GLM\glm\gtx\associated_min_max.inl -> D:\Ange Tests\Install\ANGE\Install\include\glm\gtx\associated_min_max.inl
  D:\Ange Tests\Install\ANGE\Vendor\GLM\glm\gtx\bit.hpp -> D:\Ange Tests\Install\ANGE\Install\include\glm\gtx\bit.hpp
  D:\Ange Tests\Install\ANGE\Vendor\GLM\glm\gtx\bit.inl -> D:\Ange Tests\Install\ANGE\Install\include\glm\gtx\bit.inl
  D:\Ange Tests\Install\ANGE\Vendor\GLM\glm\gtx\closest_point.hpp -> D:\Ange Tests\Install\ANGE\Install\include\glm\gtx\closest_point.hpp
  D:\Ange Tests\Install\ANGE\Vendor\GLM\glm\gtx\closest_point.inl -> D:\Ange Tests\Install\ANGE\Install\include\glm\gtx\closest_point.inl
  D:\Ange Tests\Install\ANGE\Vendor\GLM\glm\gtx\color_encoding.hpp -> D:\Ange Tests\Install\ANGE\Install\include\glm\gtx\color_encoding.hpp
  D:\Ange Tests\Install\ANGE\Vendor\GLM\glm\gtx\color_encoding.inl -> D:\Ange Tests\Install\ANGE\Install\include\glm\gtx\color_encoding.inl
  D:\Ange Tests\Install\ANGE\Vendor\GLM\glm\gtx\color_space.hpp -> D:\Ange Tests\Install\ANGE\Install\include\glm\gtx\color_space.hpp
  D:\Ange Tests\Install\ANGE\Vendor\GLM\glm\gtx\color_space.inl -> D:\Ange Tests\Install\ANGE\Install\include\glm\gtx\color_space.inl
  D:\Ange Tests\Install\ANGE\Vendor\GLM\glm\gtx\color_space_YCoCg.hpp -> D:\Ange Tests\Install\ANGE\Install\include\glm\gtx\color_space_YCoCg.hpp
  D:\Ange Tests\Install\ANGE\Vendor\GLM\glm\gtx\color_space_YCoCg.inl -> D:\Ange Tests\Install\ANGE\Install\include\glm\gtx\color_space_YCoCg.inl
  D:\Ange Tests\Install\ANGE\Vendor\GLM\glm\gtx\common.hpp -> D:\Ange Tests\Install\ANGE\Install\include\glm\gtx\common.hpp
  D:\Ange Tests\Install\ANGE\Vendor\GLM\glm\gtx\common.inl -> D:\Ange Tests\Install\ANGE\Install\include\glm\gtx\common.inl
  D:\Ange Tests\Install\ANGE\Vendor\GLM\glm\gtx\compatibility.hpp -> D:\Ange Tests\Install\ANGE\Install\include\glm\gtx\compatibility.hpp
  D:\Ange Tests\Install\ANGE\Vendor\GLM\glm\gtx\compatibility.inl -> D:\Ange Tests\Install\ANGE\Install\include\glm\gtx\compatibility.inl
  D:\Ange Tests\Install\ANGE\Vendor\GLM\glm\gtx\component_wise.hpp -> D:\Ange Tests\Install\ANGE\Install\include\glm\gtx\component_wise.hpp
  D:\Ange Tests\Install\ANGE\Vendor\GLM\glm\gtx\component_wise.inl -> D:\Ange Tests\Install\ANGE\Install\include\glm\gtx\component_wise.inl
  D:\Ange Tests\Install\ANGE\Vendor\GLM\glm\gtx\dual_quaternion.hpp -> D:\Ange Tests\Install\ANGE\Install\include\glm\gtx\dual_quaternion.hpp
  D:\Ange Tests\Install\ANGE\Vendor\GLM\glm\gtx\dual_quaternion.inl -> D:\Ange Tests\Install\ANGE\Install\include\glm\gtx\dual_quaternion.inl
  D:\Ange Tests\Install\ANGE\Vendor\GLM\glm\gtx\easing.hpp -> D:\Ange Tests\Install\ANGE\Install\include\glm\gtx\easing.hpp
  D:\Ange Tests\Install\ANGE\Vendor\GLM\glm\gtx\easing.inl -> D:\Ange Tests\Install\ANGE\Install\include\glm\gtx\easing.inl
  D:\Ange Tests\Install\ANGE\Vendor\GLM\glm\gtx\euler_angles.hpp -> D:\Ange Tests\Install\ANGE\Install\include\glm\gtx\euler_angles.hpp
  D:\Ange Tests\Install\ANGE\Vendor\GLM\glm\gtx\euler_angles.inl -> D:\Ange Tests\Install\ANGE\Install\include\glm\gtx\euler_angles.inl
  D:\Ange Tests\Install\ANGE\Vendor\GLM\glm\gtx\extend.hpp -> D:\Ange Tests\Install\ANGE\Install\include\glm\gtx\extend.hpp
  D:\Ange Tests\Install\ANGE\Vendor\GLM\glm\gtx\extend.inl -> D:\Ange Tests\Install\ANGE\Install\include\glm\gtx\extend.inl
  D:\Ange Tests\Install\ANGE\Vendor\GLM\glm\gtx\extended_min_max.hpp -> D:\Ange Tests\Install\ANGE\Install\include\glm\gtx\extended_min_max.hpp
  D:\Ange Tests\Install\ANGE\Vendor\GLM\glm\gtx\extended_min_max.inl -> D:\Ange Tests\Install\ANGE\Install\include\glm\gtx\extended_min_max.inl
  D:\Ange Tests\Install\ANGE\Vendor\GLM\glm\gtx\exterior_product.hpp -> D:\Ange Tests\Install\ANGE\Install\include\glm\gtx\exterior_product.hpp
  D:\Ange Tests\Install\ANGE\Vendor\GLM\glm\gtx\exterior_product.inl -> D:\Ange Tests\Install\ANGE\Install\include\glm\gtx\exterior_product.inl
  D:\Ange Tests\Install\ANGE\Vendor\GLM\glm\gtx\fast_exponential.hpp -> D:\Ange Tests\Install\ANGE\Install\include\glm\gtx\fast_exponential.hpp
  D:\Ange Tests\Install\ANGE\Vendor\GLM\glm\gtx\fast_exponential.inl -> D:\Ange Tests\Install\ANGE\Install\include\glm\gtx\fast_exponential.inl
  D:\Ange Tests\Install\ANGE\Vendor\GLM\glm\gtx\fast_square_root.hpp -> D:\Ange Tests\Install\ANGE\Install\include\glm\gtx\fast_square_root.hpp
  D:\Ange Tests\Install\ANGE\Vendor\GLM\glm\gtx\fast_square_root.inl -> D:\Ange Tests\Install\ANGE\Install\include\glm\gtx\fast_square_root.inl
  D:\Ange Tests\Install\ANGE\Vendor\GLM\glm\gtx\fast_trigonometry.hpp -> D:\Ange Tests\Install\ANGE\Install\include\glm\gtx\fast_trigonometry.hpp
  D:\Ange Tests\Install\ANGE\Vendor\GLM\glm\gtx\fast_trigonometry.inl -> D:\Ange Tests\Install\ANGE\Install\include\glm\gtx\fast_trigonometry.inl
  D:\Ange Tests\Install\ANGE\Vendor\GLM\glm\gtx\float_notmalize.inl -> D:\Ange Tests\Install\ANGE\Install\include\glm\gtx\float_notmalize.inl
  D:\Ange Tests\Install\ANGE\Vendor\GLM\glm\gtx\functions.hpp -> D:\Ange Tests\Install\ANGE\Install\include\glm\gtx\functions.hpp
  D:\Ange Tests\Install\ANGE\Vendor\GLM\glm\gtx\functions.inl -> D:\Ange Tests\Install\ANGE\Install\include\glm\gtx\functions.inl
  D:\Ange Tests\Install\ANGE\Vendor\GLM\glm\gtx\gradient_paint.hpp -> D:\Ange Tests\Install\ANGE\Install\include\glm\gtx\gradient_paint.hpp
  D:\Ange Tests\Install\ANGE\Vendor\GLM\glm\gtx\gradient_paint.inl -> D:\Ange Tests\Install\ANGE\Install\include\glm\gtx\gradient_paint.inl
  D:\Ange Tests\Install\ANGE\Vendor\GLM\glm\gtx\handed_coordinate_space.hpp -> D:\Ange Tests\Install\ANGE\Install\include\glm\gtx\handed_coordinate_space.hpp
  D:\Ange Tests\Install\ANGE\Vendor\GLM\glm\gtx\handed_coordinate_space.inl -> D:\Ange Tests\Install\ANGE\Install\include\glm\gtx\handed_coordinate_space.inl
  D:\Ange Tests\Install\ANGE\Vendor\GLM\glm\gtx\hash.hpp -> D:\Ange Tests\Install\ANGE\Install\include\glm\gtx\hash.hpp
  D:\Ange Tests\Install\ANGE\Vendor\GLM\glm\gtx\hash.inl -> D:\Ange Tests\Install\ANGE\Install\include\glm\gtx\hash.inl
  D:\Ange Tests\Install\ANGE\Vendor\GLM\glm\gtx\integer.hpp -> D:\Ange Tests\Install\ANGE\Install\include\glm\gtx\integer.hpp
  D:\Ange Tests\Install\ANGE\Vendor\GLM\glm\gtx\integer.inl -> D:\Ange Tests\Install\ANGE\Install\include\glm\gtx\integer.inl
  D:\Ange Tests\Install\ANGE\Vendor\GLM\glm\gtx\intersect.hpp -> D:\Ange Tests\Install\ANGE\Install\include\glm\gtx\intersect.hpp
  D:\Ange Tests\Install\ANGE\Vendor\GLM\glm\gtx\intersect.inl -> D:\Ange Tests\Install\ANGE\Install\include\glm\gtx\intersect.inl
  D:\Ange Tests\Install\ANGE\Vendor\GLM\glm\gtx\io.hpp -> D:\Ange Tests\Install\ANGE\Install\include\glm\gtx\io.hpp
  D:\Ange Tests\Install\ANGE\Vendor\GLM\glm\gtx\io.inl -> D:\Ange Tests\Install\ANGE\Install\include\glm\gtx\io.inl
  D:\Ange Tests\Install\ANGE\Vendor\GLM\glm\gtx\log_base.hpp -> D:\Ange Tests\Install\ANGE\Install\include\glm\gtx\log_base.hpp
  D:\Ange Tests\Install\ANGE\Vendor\GLM\glm\gtx\log_base.inl -> D:\Ange Tests\Install\ANGE\Install\include\glm\gtx\log_base.inl
  D:\Ange Tests\Install\ANGE\Vendor\GLM\glm\gtx\matrix_cross_product.hpp -> D:\Ange Tests\Install\ANGE\Install\include\glm\gtx\matrix_cross_product.hpp
  D:\Ange Tests\Install\ANGE\Vendor\GLM\glm\gtx\matrix_cross_product.inl -> D:\Ange Tests\Install\ANGE\Install\include\glm\gtx\matrix_cross_product.inl
  D:\Ange Tests\Install\ANGE\Vendor\GLM\glm\gtx\matrix_decompose.hpp -> D:\Ange Tests\Install\ANGE\Install\include\glm\gtx\matrix_decompose.hpp
  D:\Ange Tests\Install\ANGE\Vendor\GLM\glm\gtx\matrix_decompose.inl -> D:\Ange Tests\Install\ANGE\Install\include\glm\gtx\matrix_decompose.inl
  D:\Ange Tests\Install\ANGE\Vendor\GLM\glm\gtx\matrix_factorisation.hpp -> D:\Ange Tests\Install\ANGE\Install\include\glm\gtx\matrix_factorisation.hpp
  D:\Ange Tests\Install\ANGE\Vendor\GLM\glm\gtx\matrix_factorisation.inl -> D:\Ange Tests\Install\ANGE\Install\include\glm\gtx\matrix_factorisation.inl
  D:\Ange Tests\Install\ANGE\Vendor\GLM\glm\gtx\matrix_interpolation.hpp -> D:\Ange Tests\Install\ANGE\Install\include\glm\gtx\matrix_interpolation.hpp
  D:\Ange Tests\Install\ANGE\Vendor\GLM\glm\gtx\matrix_interpolation.inl -> D:\Ange Tests\Install\ANGE\Install\include\glm\gtx\matrix_interpolation.inl
  D:\Ange Tests\Install\ANGE\Vendor\GLM\glm\gtx\matrix_major_storage.hpp -> D:\Ange Tests\Install\ANGE\Install\include\glm\gtx\matrix_major_storage.hpp
  D:\Ange Tests\Install\ANGE\Vendor\GLM\glm\gtx\matrix_major_storage.inl -> D:\Ange Tests\Install\ANGE\Install\include\glm\gtx\matrix_major_storage.inl
  D:\Ange Tests\Install\ANGE\Vendor\GLM\glm\gtx\matrix_operation.hpp -> D:\Ange Tests\Install\ANGE\Install\include\glm\gtx\matrix_operation.hpp
  D:\Ange Tests\Install\ANGE\Vendor\GLM\glm\gtx\matrix_operation.inl -> D:\Ange Tests\Install\ANGE\Install\include\glm\gtx\matrix_operation.inl
  D:\Ange Tests\Install\ANGE\Vendor\GLM\glm\gtx\matrix_query.hpp -> D:\Ange Tests\Install\ANGE\Install\include\glm\gtx\matrix_query.hpp
  D:\Ange Tests\Install\ANGE\Vendor\GLM\glm\gtx\matrix_query.inl -> D:\Ange Tests\Install\ANGE\Install\include\glm\gtx\matrix_query.inl
  D:\Ange Tests\Install\ANGE\Vendor\GLM\glm\gtx\matrix_transform_2d.hpp -> D:\Ange Tests\Install\ANGE\Install\include\glm\gtx\matrix_transform_2d.hpp
  D:\Ange Tests\Install\ANGE\Vendor\GLM\glm\gtx\matrix_transform_2d.inl -> D:\Ange Tests\Install\ANGE\Install\include\glm\gtx\matrix_transform_2d.inl
  D:\Ange Tests\Install\ANGE\Vendor\GLM\glm\gtx\mixed_product.hpp -> D:\Ange Tests\Install\ANGE\Install\include\glm\gtx\mixed_product.hpp
  D:\Ange Tests\Install\ANGE\Vendor\GLM\glm\gtx\mixed_product.inl -> D:\Ange Tests\Install\ANGE\Install\include\glm\gtx\mixed_product.inl
  D:\Ange Tests\Install\ANGE\Vendor\GLM\glm\gtx\norm.hpp -> D:\Ange Tests\Install\ANGE\Install\include\glm\gtx\norm.hpp
  D:\Ange Tests\Install\ANGE\Vendor\GLM\glm\gtx\norm.inl -> D:\Ange Tests\Install\ANGE\Install\include\glm\gtx\norm.inl
  D:\Ange Tests\Install\ANGE\Vendor\GLM\glm\gtx\normal.hpp -> D:\Ange Tests\Install\ANGE\Install\include\glm\gtx\normal.hpp
  D:\Ange Tests\Install\ANGE\Vendor\GLM\glm\gtx\normal.inl -> D:\Ange Tests\Install\ANGE\Install\include\glm\gtx\normal.inl
  D:\Ange Tests\Install\ANGE\Vendor\GLM\glm\gtx\normalize_dot.hpp -> D:\Ange Tests\Install\ANGE\Install\include\glm\gtx\normalize_dot.hpp
  D:\Ange Tests\Install\ANGE\Vendor\GLM\glm\gtx\normalize_dot.inl -> D:\Ange Tests\Install\ANGE\Install\include\glm\gtx\normalize_dot.inl
  D:\Ange Tests\Install\ANGE\Vendor\GLM\glm\gtx\number_precision.hpp -> D:\Ange Tests\Install\ANGE\Install\include\glm\gtx\number_precision.hpp
  D:\Ange Tests\Install\ANGE\Vendor\GLM\glm\gtx\number_precision.inl -> D:\Ange Tests\Install\ANGE\Install\include\glm\gtx\number_precision.inl
  D:\Ange Tests\Install\ANGE\Vendor\GLM\glm\gtx\optimum_pow.hpp -> D:\Ange Tests\Install\ANGE\Install\include\glm\gtx\optimum_pow.hpp
  D:\Ange Tests\Install\ANGE\Vendor\GLM\glm\gtx\optimum_pow.inl -> D:\Ange Tests\Install\ANGE\Install\include\glm\gtx\optimum_pow.inl
  D:\Ange Tests\Install\ANGE\Vendor\GLM\glm\gtx\orthonormalize.hpp -> D:\Ange Tests\Install\ANGE\Install\include\glm\gtx\orthonormalize.hpp
  D:\Ange Tests\Install\ANGE\Vendor\GLM\glm\gtx\orthonormalize.inl -> D:\Ange Tests\Install\ANGE\Install\include\glm\gtx\orthonormalize.inl
  D:\Ange Tests\Install\ANGE\Vendor\GLM\glm\gtx\perpendicular.hpp -> D:\Ange Tests\Install\ANGE\Install\include\glm\gtx\perpendicular.hpp
  D:\Ange Tests\Install\ANGE\Vendor\GLM\glm\gtx\perpendicular.inl -> D:\Ange Tests\Install\ANGE\Install\include\glm\gtx\perpendicular.inl
  D:\Ange Tests\Install\ANGE\Vendor\GLM\glm\gtx\polar_coordinates.hpp -> D:\Ange Tests\Install\ANGE\Install\include\glm\gtx\polar_coordinates.hpp
  D:\Ange Tests\Install\ANGE\Vendor\GLM\glm\gtx\polar_coordinates.inl -> D:\Ange Tests\Install\ANGE\Install\include\glm\gtx\polar_coordinates.inl
  D:\Ange Tests\Install\ANGE\Vendor\GLM\glm\gtx\projection.hpp -> D:\Ange Tests\Install\ANGE\Install\include\glm\gtx\projection.hpp
  D:\Ange Tests\Install\ANGE\Vendor\GLM\glm\gtx\projection.inl -> D:\Ange Tests\Install\ANGE\Install\include\glm\gtx\projection.inl
  D:\Ange Tests\Install\ANGE\Vendor\GLM\glm\gtx\quaternion.hpp -> D:\Ange Tests\Install\ANGE\Install\include\glm\gtx\quaternion.hpp
  D:\Ange Tests\Install\ANGE\Vendor\GLM\glm\gtx\quaternion.inl -> D:\Ange Tests\Install\ANGE\Install\include\glm\gtx\quaternion.inl
  D:\Ange Tests\Install\ANGE\Vendor\GLM\glm\gtx\range.hpp -> D:\Ange Tests\Install\ANGE\Install\include\glm\gtx\range.hpp
  D:\Ange Tests\Install\ANGE\Vendor\GLM\glm\gtx\raw_data.hpp -> D:\Ange Tests\Install\ANGE\Install\include\glm\gtx\raw_data.hpp
  D:\Ange Tests\Install\ANGE\Vendor\GLM\glm\gtx\raw_data.inl -> D:\Ange Tests\Install\ANGE\Install\include\glm\gtx\raw_data.inl
  D:\Ange Tests\Install\ANGE\Vendor\GLM\glm\gtx\rotate_normalized_axis.hpp -> D:\Ange Tests\Install\ANGE\Install\include\glm\gtx\rotate_normalized_axis.hpp
  D:\Ange Tests\Install\ANGE\Vendor\GLM\glm\gtx\rotate_normalized_axis.inl -> D:\Ange Tests\Install\ANGE\Install\include\glm\gtx\rotate_normalized_axis.inl
  D:\Ange Tests\Install\ANGE\Vendor\GLM\glm\gtx\rotate_vector.hpp -> D:\Ange Tests\Install\ANGE\Install\include\glm\gtx\rotate_vector.hpp
  D:\Ange Tests\Install\ANGE\Vendor\GLM\glm\gtx\rotate_vector.inl -> D:\Ange Tests\Install\ANGE\Install\include\glm\gtx\rotate_vector.inl
  D:\Ange Tests\Install\ANGE\Vendor\GLM\glm\gtx\scalar_multiplication.hpp -> D:\Ange Tests\Install\ANGE\Install\include\glm\gtx\scalar_multiplication.hpp
  D:\Ange Tests\Install\ANGE\Vendor\GLM\glm\gtx\scalar_relational.hpp -> D:\Ange Tests\Install\ANGE\Install\include\glm\gtx\scalar_relational.hpp
  D:\Ange Tests\Install\ANGE\Vendor\GLM\glm\gtx\scalar_relational.inl -> D:\Ange Tests\Install\ANGE\Install\include\glm\gtx\scalar_relational.inl
  D:\Ange Tests\Install\ANGE\Vendor\GLM\glm\gtx\spline.hpp -> D:\Ange Tests\Install\ANGE\Install\include\glm\gtx\spline.hpp
  D:\Ange Tests\Install\ANGE\Vendor\GLM\glm\gtx\spline.inl -> D:\Ange Tests\Install\ANGE\Install\include\glm\gtx\spline.inl
  D:\Ange Tests\Install\ANGE\Vendor\GLM\glm\gtx\std_based_type.hpp -> D:\Ange Tests\Install\ANGE\Install\include\glm\gtx\std_based_type.hpp
  D:\Ange Tests\Install\ANGE\Vendor\GLM\glm\gtx\std_based_type.inl -> D:\Ange Tests\Install\ANGE\Install\include\glm\gtx\std_based_type.inl
  D:\Ange Tests\Install\ANGE\Vendor\GLM\glm\gtx\string_cast.hpp -> D:\Ange Tests\Install\ANGE\Install\include\glm\gtx\string_cast.hpp
  D:\Ange Tests\Install\ANGE\Vendor\GLM\glm\gtx\string_cast.inl -> D:\Ange Tests\Install\ANGE\Install\include\glm\gtx\string_cast.inl
  D:\Ange Tests\Install\ANGE\Vendor\GLM\glm\gtx\texture.hpp -> D:\Ange Tests\Install\ANGE\Install\include\glm\gtx\texture.hpp
  D:\Ange Tests\Install\ANGE\Vendor\GLM\glm\gtx\texture.inl -> D:\Ange Tests\Install\ANGE\Install\include\glm\gtx\texture.inl
  D:\Ange Tests\Install\ANGE\Vendor\GLM\glm\gtx\transform.hpp -> D:\Ange Tests\Install\ANGE\Install\include\glm\gtx\transform.hpp
  D:\Ange Tests\Install\ANGE\Vendor\GLM\glm\gtx\transform.inl -> D:\Ange Tests\Install\ANGE\Install\include\glm\gtx\transform.inl
  D:\Ange Tests\Install\ANGE\Vendor\GLM\glm\gtx\transform2.hpp -> D:\Ange Tests\Install\ANGE\Install\include\glm\gtx\transform2.hpp
  D:\Ange Tests\Install\ANGE\Vendor\GLM\glm\gtx\transform2.inl -> D:\Ange Tests\Install\ANGE\Install\include\glm\gtx\transform2.inl
  D:\Ange Tests\Install\ANGE\Vendor\GLM\glm\gtx\type_aligned.hpp -> D:\Ange Tests\Install\ANGE\Install\include\glm\gtx\type_aligned.hpp
  D:\Ange Tests\Install\ANGE\Vendor\GLM\glm\gtx\type_aligned.inl -> D:\Ange Tests\Install\ANGE\Install\include\glm\gtx\type_aligned.inl
  D:\Ange Tests\Install\ANGE\Vendor\GLM\glm\gtx\type_trait.hpp -> D:\Ange Tests\Install\ANGE\Install\include\glm\gtx\type_trait.hpp
  D:\Ange Tests\Install\ANGE\Vendor\GLM\glm\gtx\type_trait.inl -> D:\Ange Tests\Install\ANGE\Install\include\glm\gtx\type_trait.inl
  D:\Ange Tests\Install\ANGE\Vendor\GLM\glm\gtx\vector_angle.hpp -> D:\Ange Tests\Install\ANGE\Install\include\glm\gtx\vector_angle.hpp
  D:\Ange Tests\Install\ANGE\Vendor\GLM\glm\gtx\vector_angle.inl -> D:\Ange Tests\Install\ANGE\Install\include\glm\gtx\vector_angle.inl
  D:\Ange Tests\Install\ANGE\Vendor\GLM\glm\gtx\vector_query.hpp -> D:\Ange Tests\Install\ANGE\Install\include\glm\gtx\vector_query.hpp
  D:\Ange Tests\Install\ANGE\Vendor\GLM\glm\gtx\vector_query.inl -> D:\Ange Tests\Install\ANGE\Install\include\glm\gtx\vector_query.inl
  D:\Ange Tests\Install\ANGE\Vendor\GLM\glm\gtx\vec_swizzle.hpp -> D:\Ange Tests\Install\ANGE\Install\include\glm\gtx\vec_swizzle.hpp
  D:\Ange Tests\Install\ANGE\Vendor\GLM\glm\gtx\wrap.hpp -> D:\Ange Tests\Install\ANGE\Install\include\glm\gtx\wrap.hpp
  D:\Ange Tests\Install\ANGE\Vendor\GLM\glm\gtx\wrap.inl -> D:\Ange Tests\Install\ANGE\Install\include\glm\gtx\wrap.inl
  D:\Ange Tests\Install\ANGE\Vendor\GLM\glm\simd\common.h -> D:\Ange Tests\Install\ANGE\Install\include\glm\simd\common.h
  D:\Ange Tests\Install\ANGE\Vendor\GLM\glm\simd\exponential.h -> D:\Ange Tests\Install\ANGE\Install\include\glm\simd\exponential.h
  D:\Ange Tests\Install\ANGE\Vendor\GLM\glm\simd\geometric.h -> D:\Ange Tests\Install\ANGE\Install\include\glm\simd\geometric.h
  D:\Ange Tests\Install\ANGE\Vendor\GLM\glm\simd\integer.h -> D:\Ange Tests\Install\ANGE\Install\include\glm\simd\integer.h
  D:\Ange Tests\Install\ANGE\Vendor\GLM\glm\simd\matrix.h -> D:\Ange Tests\Install\ANGE\Install\include\glm\simd\matrix.h
  D:\Ange Tests\Install\ANGE\Vendor\GLM\glm\simd\packing.h -> D:\Ange Tests\Install\ANGE\Install\include\glm\simd\packing.h
  D:\Ange Tests\Install\ANGE\Vendor\GLM\glm\simd\platform.h -> D:\Ange Tests\Install\ANGE\Install\include\glm\simd\platform.h
  D:\Ange Tests\Install\ANGE\Vendor\GLM\glm\simd\trigonometric.h -> D:\Ange Tests\Install\ANGE\Install\include\glm\simd\trigonometric.h
  D:\Ange Tests\Install\ANGE\Vendor\GLM\glm\simd\vector_relational.h -> D:\Ange Tests\Install\ANGE\Install\include\glm\simd\vector_relational.h
  373 File(s) copied
  D:\Ange Tests\Install\ANGE\Vendor\glad\include\glad\glad.h -> D:\Ange Tests\Install\ANGE\Install\include\glad\glad.h
  D:\Ange Tests\Install\ANGE\Vendor\glad\include\KHR\khrplatform.h -> D:\Ange Tests\Install\ANGE\Install\include\KHR\khrplatform.h
  2 File(s) copied
  D:\Ange Tests\Install\ANGE\Vendor\freetype\include\ft2build.h -> D:\Ange Tests\Install\ANGE\Install\include\ft2build.h
  D:\Ange Tests\Install\ANGE\Vendor\freetype\include\freetype\freetype.h -> D:\Ange Tests\Install\ANGE\Install\include\freetype\freetype.h
  D:\Ange Tests\Install\ANGE\Vendor\freetype\include\freetype\ftadvanc.h -> D:\Ange Tests\Install\ANGE\Install\include\freetype\ftadvanc.h
  D:\Ange Tests\Install\ANGE\Vendor\freetype\include\freetype\ftbbox.h -> D:\Ange Tests\Install\ANGE\Install\include\freetype\ftbbox.h
  D:\Ange Tests\Install\ANGE\Vendor\freetype\include\freetype\ftbdf.h -> D:\Ange Tests\Install\ANGE\Install\include\freetype\ftbdf.h
  D:\Ange Tests\Install\ANGE\Vendor\freetype\include\freetype\ftbitmap.h -> D:\Ange Tests\Install\ANGE\Install\include\freetype\ftbitmap.h
  D:\Ange Tests\Install\ANGE\Vendor\freetype\include\freetype\ftbzip2.h -> D:\Ange Tests\Install\ANGE\Install\include\freetype\ftbzip2.h
  D:\Ange Tests\Install\ANGE\Vendor\freetype\include\freetype\ftcache.h -> D:\Ange Tests\Install\ANGE\Install\include\freetype\ftcache.h
  D:\Ange Tests\Install\ANGE\Vendor\freetype\include\freetype\ftchapters.h -> D:\Ange Tests\Install\ANGE\Install\include\freetype\ftchapters.h
  D:\Ange Tests\Install\ANGE\Vendor\freetype\include\freetype\ftcid.h -> D:\Ange Tests\Install\ANGE\Install\include\freetype\ftcid.h
  D:\Ange Tests\Install\ANGE\Vendor\freetype\include\freetype\ftdriver.h -> D:\Ange Tests\Install\ANGE\Install\include\freetype\ftdriver.h
  D:\Ange Tests\Install\ANGE\Vendor\freetype\include\freetype\fterrdef.h -> D:\Ange Tests\Install\ANGE\Install\include\freetype\fterrdef.h
  D:\Ange Tests\Install\ANGE\Vendor\freetype\include\freetype\fterrors.h -> D:\Ange Tests\Install\ANGE\Install\include\freetype\fterrors.h
  D:\Ange Tests\Install\ANGE\Vendor\freetype\include\freetype\ftfntfmt.h -> D:\Ange Tests\Install\ANGE\Install\include\freetype\ftfntfmt.h
  D:\Ange Tests\Install\ANGE\Vendor\freetype\include\freetype\ftgasp.h -> D:\Ange Tests\Install\ANGE\Install\include\freetype\ftgasp.h
  D:\Ange Tests\Install\ANGE\Vendor\freetype\include\freetype\ftglyph.h -> D:\Ange Tests\Install\ANGE\Install\include\freetype\ftglyph.h
  D:\Ange Tests\Install\ANGE\Vendor\freetype\include\freetype\ftgxval.h -> D:\Ange Tests\Install\ANGE\Install\include\freetype\ftgxval.h
  D:\Ange Tests\Install\ANGE\Vendor\freetype\include\freetype\ftgzip.h -> D:\Ange Tests\Install\ANGE\Install\include\freetype\ftgzip.h
  D:\Ange Tests\Install\ANGE\Vendor\freetype\include\freetype\ftimage.h -> D:\Ange Tests\Install\ANGE\Install\include\freetype\ftimage.h
  D:\Ange Tests\Install\ANGE\Vendor\freetype\include\freetype\ftincrem.h -> D:\Ange Tests\Install\ANGE\Install\include\freetype\ftincrem.h
  D:\Ange Tests\Install\ANGE\Vendor\freetype\include\freetype\ftlcdfil.h -> D:\Ange Tests\Install\ANGE\Install\include\freetype\ftlcdfil.h
  D:\Ange Tests\Install\ANGE\Vendor\freetype\include\freetype\ftlist.h -> D:\Ange Tests\Install\ANGE\Install\include\freetype\ftlist.h
  D:\Ange Tests\Install\ANGE\Vendor\freetype\include\freetype\ftlzw.h -> D:\Ange Tests\Install\ANGE\Install\include\freetype\ftlzw.h
  D:\Ange Tests\Install\ANGE\Vendor\freetype\include\freetype\ftmac.h -> D:\Ange Tests\Install\ANGE\Install\include\freetype\ftmac.h
  D:\Ange Tests\Install\ANGE\Vendor\freetype\include\freetype\ftmm.h -> D:\Ange Tests\Install\ANGE\Install\include\freetype\ftmm.h
  D:\Ange Tests\Install\ANGE\Vendor\freetype\include\freetype\ftmodapi.h -> D:\Ange Tests\Install\ANGE\Install\include\freetype\ftmodapi.h
  D:\Ange Tests\Install\ANGE\Vendor\freetype\include\freetype\ftmoderr.h -> D:\Ange Tests\Install\ANGE\Install\include\freetype\ftmoderr.h
  D:\Ange Tests\Install\ANGE\Vendor\freetype\include\freetype\ftotval.h -> D:\Ange Tests\Install\ANGE\Install\include\freetype\ftotval.h
  D:\Ange Tests\Install\ANGE\Vendor\freetype\include\freetype\ftoutln.h -> D:\Ange Tests\Install\ANGE\Install\include\freetype\ftoutln.h
  D:\Ange Tests\Install\ANGE\Vendor\freetype\include\freetype\ftparams.h -> D:\Ange Tests\Install\ANGE\Install\include\freetype\ftparams.h
  D:\Ange Tests\Install\ANGE\Vendor\freetype\include\freetype\ftpfr.h -> D:\Ange Tests\Install\ANGE\Install\include\freetype\ftpfr.h
  D:\Ange Tests\Install\ANGE\Vendor\freetype\include\freetype\ftrender.h -> D:\Ange Tests\Install\ANGE\Install\include\freetype\ftrender.h
  D:\Ange Tests\Install\ANGE\Vendor\freetype\include\freetype\ftsizes.h -> D:\Ange Tests\Install\ANGE\Install\include\freetype\ftsizes.h
  D:\Ange Tests\Install\ANGE\Vendor\freetype\include\freetype\ftsnames.h -> D:\Ange Tests\Install\ANGE\Install\include\freetype\ftsnames.h
  D:\Ange Tests\Install\ANGE\Vendor\freetype\include\freetype\ftstroke.h -> D:\Ange Tests\Install\ANGE\Install\include\freetype\ftstroke.h
  D:\Ange Tests\Install\ANGE\Vendor\freetype\include\freetype\ftsynth.h -> D:\Ange Tests\Install\ANGE\Install\include\freetype\ftsynth.h
  D:\Ange Tests\Install\ANGE\Vendor\freetype\include\freetype\ftsystem.h -> D:\Ange Tests\Install\ANGE\Install\include\freetype\ftsystem.h
  D:\Ange Tests\Install\ANGE\Vendor\freetype\include\freetype\fttrigon.h -> D:\Ange Tests\Install\ANGE\Install\include\freetype\fttrigon.h
  D:\Ange Tests\Install\ANGE\Vendor\freetype\include\freetype\fttypes.h -> D:\Ange Tests\Install\ANGE\Install\include\freetype\fttypes.h
  D:\Ange Tests\Install\ANGE\Vendor\freetype\include\freetype\ftwinfnt.h -> D:\Ange Tests\Install\ANGE\Install\include\freetype\ftwinfnt.h
  D:\Ange Tests\Install\ANGE\Vendor\freetype\include\freetype\t1tables.h -> D:\Ange Tests\Install\ANGE\Install\include\freetype\t1tables.h
  D:\Ange Tests\Install\ANGE\Vendor\freetype\include\freetype\ttnameid.h -> D:\Ange Tests\Install\ANGE\Install\include\freetype\ttnameid.h
  D:\Ange Tests\Install\ANGE\Vendor\freetype\include\freetype\tttables.h -> D:\Ange Tests\Install\ANGE\Install\include\freetype\tttables.h
  D:\Ange Tests\Install\ANGE\Vendor\freetype\include\freetype\tttags.h -> D:\Ange Tests\Install\ANGE\Install\include\freetype\tttags.h
  D:\Ange Tests\Install\ANGE\Vendor\freetype\include\freetype\config\ftconfig.h -> D:\Ange Tests\Install\ANGE\Install\include\freetype\config\ftconfig.h
  D:\Ange Tests\Install\ANGE\Vendor\freetype\include\freetype\config\ftheader.h -> D:\Ange Tests\Install\ANGE\Install\include\freetype\config\ftheader.h
  D:\Ange Tests\Install\ANGE\Vendor\freetype\include\freetype\config\ftmodule.h -> D:\Ange Tests\Install\ANGE\Install\include\freetype\config\ftmodule.h
  D:\Ange Tests\Install\ANGE\Vendor\freetype\include\freetype\config\ftoption.h -> D:\Ange Tests\Install\ANGE\Install\include\freetype\config\ftoption.h
  D:\Ange Tests\Install\ANGE\Vendor\freetype\include\freetype\config\ftstdlib.h -> D:\Ange Tests\Install\ANGE\Install\include\freetype\config\ftstdlib.h
  D:\Ange Tests\Install\ANGE\Vendor\freetype\include\freetype\internal\autohint.h -> D:\Ange Tests\Install\ANGE\Install\include\freetype\internal\autohint.h
  D:\Ange Tests\Install\ANGE\Vendor\freetype\include\freetype\internal\cffotypes.h -> D:\Ange Tests\Install\ANGE\Install\include\freetype\internal\cffotypes.h
  D:\Ange Tests\Install\ANGE\Vendor\freetype\include\freetype\internal\cfftypes.h -> D:\Ange Tests\Install\ANGE\Install\include\freetype\internal\cfftypes.h
  D:\Ange Tests\Install\ANGE\Vendor\freetype\include\freetype\internal\ftcalc.h -> D:\Ange Tests\Install\ANGE\Install\include\freetype\internal\ftcalc.h
  D:\Ange Tests\Install\ANGE\Vendor\freetype\include\freetype\internal\ftdebug.h -> D:\Ange Tests\Install\ANGE\Install\include\freetype\internal\ftdebug.h
  D:\Ange Tests\Install\ANGE\Vendor\freetype\include\freetype\internal\ftdrv.h -> D:\Ange Tests\Install\ANGE\Install\include\freetype\internal\ftdrv.h
  D:\Ange Tests\Install\ANGE\Vendor\freetype\include\freetype\internal\ftgloadr.h -> D:\Ange Tests\Install\ANGE\Install\include\freetype\internal\ftgloadr.h
  D:\Ange Tests\Install\ANGE\Vendor\freetype\include\freetype\internal\fthash.h -> D:\Ange Tests\Install\ANGE\Install\include\freetype\internal\fthash.h
  D:\Ange Tests\Install\ANGE\Vendor\freetype\include\freetype\internal\ftmemory.h -> D:\Ange Tests\Install\ANGE\Install\include\freetype\internal\ftmemory.h
  D:\Ange Tests\Install\ANGE\Vendor\freetype\include\freetype\internal\ftobjs.h -> D:\Ange Tests\Install\ANGE\Install\include\freetype\internal\ftobjs.h
  D:\Ange Tests\Install\ANGE\Vendor\freetype\include\freetype\internal\ftpic.h -> D:\Ange Tests\Install\ANGE\Install\include\freetype\internal\ftpic.h
  D:\Ange Tests\Install\ANGE\Vendor\freetype\include\freetype\internal\ftpsprop.h -> D:\Ange Tests\Install\ANGE\Install\include\freetype\internal\ftpsprop.h
  D:\Ange Tests\Install\ANGE\Vendor\freetype\include\freetype\internal\ftrfork.h -> D:\Ange Tests\Install\ANGE\Install\include\freetype\internal\ftrfork.h
  D:\Ange Tests\Install\ANGE\Vendor\freetype\include\freetype\internal\ftserv.h -> D:\Ange Tests\Install\ANGE\Install\include\freetype\internal\ftserv.h
  D:\Ange Tests\Install\ANGE\Vendor\freetype\include\freetype\internal\ftstream.h -> D:\Ange Tests\Install\ANGE\Install\include\freetype\internal\ftstream.h
  D:\Ange Tests\Install\ANGE\Vendor\freetype\include\freetype\internal\fttrace.h -> D:\Ange Tests\Install\ANGE\Install\include\freetype\internal\fttrace.h
  D:\Ange Tests\Install\ANGE\Vendor\freetype\include\freetype\internal\ftvalid.h -> D:\Ange Tests\Install\ANGE\Install\include\freetype\internal\ftvalid.h
  D:\Ange Tests\Install\ANGE\Vendor\freetype\include\freetype\internal\internal.h -> D:\Ange Tests\Install\ANGE\Install\include\freetype\internal\internal.h
  D:\Ange Tests\Install\ANGE\Vendor\freetype\include\freetype\internal\psaux.h -> D:\Ange Tests\Install\ANGE\Install\include\freetype\internal\psaux.h
  D:\Ange Tests\Install\ANGE\Vendor\freetype\include\freetype\internal\pshints.h -> D:\Ange Tests\Install\ANGE\Install\include\freetype\internal\pshints.h
  D:\Ange Tests\Install\ANGE\Vendor\freetype\include\freetype\internal\sfnt.h -> D:\Ange Tests\Install\ANGE\Install\include\freetype\internal\sfnt.h
  D:\Ange Tests\Install\ANGE\Vendor\freetype\include\freetype\internal\t1types.h -> D:\Ange Tests\Install\ANGE\Install\include\freetype\internal\t1types.h
  D:\Ange Tests\Install\ANGE\Vendor\freetype\include\freetype\internal\tttypes.h -> D:\Ange Tests\Install\ANGE\Install\include\freetype\internal\tttypes.h
  D:\Ange Tests\Install\ANGE\Vendor\freetype\include\freetype\internal\services\svbdf.h -> D:\Ange Tests\Install\ANGE\Install\include\freetype\internal\services\svbdf.h
  D:\Ange Tests\Install\ANGE\Vendor\freetype\include\freetype\internal\services\svcfftl.h -> D:\Ange Tests\Install\ANGE\Install\include\freetype\internal\services\svcfftl.h
  D:\Ange Tests\Install\ANGE\Vendor\freetype\include\freetype\internal\services\svcid.h -> D:\Ange Tests\Install\ANGE\Install\include\freetype\internal\services\svcid.h
  D:\Ange Tests\Install\ANGE\Vendor\freetype\include\freetype\internal\services\svfntfmt.h -> D:\Ange Tests\Install\ANGE\Install\include\freetype\internal\services\svfntfmt.h
  D:\Ange Tests\Install\ANGE\Vendor\freetype\include\freetype\internal\services\svgldict.h -> D:\Ange Tests\Install\ANGE\Install\include\freetype\internal\services\svgldict.h
  D:\Ange Tests\Install\ANGE\Vendor\freetype\include\freetype\internal\services\svgxval.h -> D:\Ange Tests\Install\ANGE\Install\include\freetype\internal\services\svgxval.h
  D:\Ange Tests\Install\ANGE\Vendor\freetype\include\freetype\internal\services\svkern.h -> D:\Ange Tests\Install\ANGE\Install\include\freetype\internal\services\svkern.h
  D:\Ange Tests\Install\ANGE\Vendor\freetype\include\freetype\internal\services\svmetric.h -> D:\Ange Tests\Install\ANGE\Install\include\freetype\internal\services\svmetric.h
  D:\Ange Tests\Install\ANGE\Vendor\freetype\include\freetype\internal\services\svmm.h -> D:\Ange Tests\Install\ANGE\Install\include\freetype\internal\services\svmm.h
  D:\Ange Tests\Install\ANGE\Vendor\freetype\include\freetype\internal\services\svotval.h -> D:\Ange Tests\Install\ANGE\Install\include\freetype\internal\services\svotval.h
  D:\Ange Tests\Install\ANGE\Vendor\freetype\include\freetype\internal\services\svpfr.h -> D:\Ange Tests\Install\ANGE\Install\include\freetype\internal\services\svpfr.h
  D:\Ange Tests\Install\ANGE\Vendor\freetype\include\freetype\internal\services\svpostnm.h -> D:\Ange Tests\Install\ANGE\Install\include\freetype\internal\services\svpostnm.h
  D:\Ange Tests\Install\ANGE\Vendor\freetype\include\freetype\internal\services\svprop.h -> D:\Ange Tests\Install\ANGE\Install\include\freetype\internal\services\svprop.h
  D:\Ange Tests\Install\ANGE\Vendor\freetype\include\freetype\internal\services\svpscmap.h -> D:\Ange Tests\Install\ANGE\Install\include\freetype\internal\services\svpscmap.h
  D:\Ange Tests\Install\ANGE\Vendor\freetype\include\freetype\internal\services\svpsinfo.h -> D:\Ange Tests\Install\ANGE\Install\include\freetype\internal\services\svpsinfo.h
  D:\Ange Tests\Install\ANGE\Vendor\freetype\include\freetype\internal\services\svsfnt.h -> D:\Ange Tests\Install\ANGE\Install\include\freetype\internal\services\svsfnt.h
  D:\Ange Tests\Install\ANGE\Vendor\freetype\include\freetype\internal\services\svttcmap.h -> D:\Ange Tests\Install\ANGE\Install\include\freetype\internal\services\svttcmap.h
  D:\Ange Tests\Install\ANGE\Vendor\freetype\include\freetype\internal\services\svtteng.h -> D:\Ange Tests\Install\ANGE\Install\include\freetype\internal\services\svtteng.h
  D:\Ange Tests\Install\ANGE\Vendor\freetype\include\freetype\internal\services\svttglyf.h -> D:\Ange Tests\Install\ANGE\Install\include\freetype\internal\services\svttglyf.h
  D:\Ange Tests\Install\ANGE\Vendor\freetype\include\freetype\internal\services\svwinfnt.h -> D:\Ange Tests\Install\ANGE\Install\include\freetype\internal\services\svwinfnt.h
  92 File(s) copied
  Invalid switch - /F"../Vendor/GLFW/include"
  D:\Ange Tests\Install\ANGE\Vendor\libjpeg\cderror.h -> D:\Ange Tests\Install\ANGE\Install\include\libjpeg\cderror.h
  D:\Ange Tests\Install\ANGE\Vendor\libjpeg\cdjpeg.h -> D:\Ange Tests\Install\ANGE\Install\include\libjpeg\cdjpeg.h
  D:\Ange Tests\Install\ANGE\Vendor\libjpeg\jconfig.h -> D:\Ange Tests\Install\ANGE\Install\include\libjpeg\jconfig.h
  D:\Ange Tests\Install\ANGE\Vendor\libjpeg\jdct.h -> D:\Ange Tests\Install\ANGE\Install\include\libjpeg\jdct.h
  D:\Ange Tests\Install\ANGE\Vendor\libjpeg\jerror.h -> D:\Ange Tests\Install\ANGE\Install\include\libjpeg\jerror.h
  D:\Ange Tests\Install\ANGE\Vendor\libjpeg\jinclude.h -> D:\Ange Tests\Install\ANGE\Install\include\libjpeg\jinclude.h
  D:\Ange Tests\Install\ANGE\Vendor\libjpeg\jmemsys.h -> D:\Ange Tests\Install\ANGE\Install\include\libjpeg\jmemsys.h
  D:\Ange Tests\Install\ANGE\Vendor\libjpeg\jmorecfg.h -> D:\Ange Tests\Install\ANGE\Install\include\libjpeg\jmorecfg.h
  D:\Ange Tests\Install\ANGE\Vendor\libjpeg\jpegint.h -> D:\Ange Tests\Install\ANGE\Install\include\libjpeg\jpegint.h
  D:\Ange Tests\Install\ANGE\Vendor\libjpeg\jpeglib.h -> D:\Ange Tests\Install\ANGE\Install\include\libjpeg\jpeglib.h
  D:\Ange Tests\Install\ANGE\Vendor\libjpeg\jversion.h -> D:\Ange Tests\Install\ANGE\Install\include\libjpeg\jversion.h
  D:\Ange Tests\Install\ANGE\Vendor\libjpeg\transupp.h -> D:\Ange Tests\Install\ANGE\Install\include\libjpeg\transupp.h
  12 File(s) copied
  D:\Ange Tests\Install\ANGE\Vendor\libpng\png.h -> D:\Ange Tests\Install\ANGE\Install\include\libpng\png.h
  D:\Ange Tests\Install\ANGE\Vendor\libpng\pngconf.h -> D:\Ange Tests\Install\ANGE\Install\include\libpng\pngconf.h
  D:\Ange Tests\Install\ANGE\Vendor\libpng\pngdebug.h -> D:\Ange Tests\Install\ANGE\Install\include\libpng\pngdebug.h
  D:\Ange Tests\Install\ANGE\Vendor\libpng\pnginfo.h -> D:\Ange Tests\Install\ANGE\Install\include\libpng\pnginfo.h
  D:\Ange Tests\Install\ANGE\Vendor\libpng\pnglibconf.h -> D:\Ange Tests\Install\ANGE\Install\include\libpng\pnglibconf.h
  D:\Ange Tests\Install\ANGE\Vendor\libpng\pngpriv.h -> D:\Ange Tests\Install\ANGE\Install\include\libpng\pngpriv.h
  D:\Ange Tests\Install\ANGE\Vendor\libpng\pngstruct.h -> D:\Ange Tests\Install\ANGE\Install\include\libpng\pngstruct.h
  7 File(s) copied
  D:\Ange Tests\Install\ANGE\Vendor\zlib\crc32.h -> D:\Ange Tests\Install\ANGE\Install\include\zlib\crc32.h
  D:\Ange Tests\Install\ANGE\Vendor\zlib\deflate.h -> D:\Ange Tests\Install\ANGE\Install\include\zlib\deflate.h
  D:\Ange Tests\Install\ANGE\Vendor\zlib\gzguts.h -> D:\Ange Tests\Install\ANGE\Install\include\zlib\gzguts.h
  D:\Ange Tests\Install\ANGE\Vendor\zlib\inffast.h -> D:\Ange Tests\Install\ANGE\Install\include\zlib\inffast.h
  D:\Ange Tests\Install\ANGE\Vendor\zlib\inffixed.h -> D:\Ange Tests\Install\ANGE\Install\include\zlib\inffixed.h
  D:\Ange Tests\Install\ANGE\Vendor\zlib\inflate.h -> D:\Ange Tests\Install\ANGE\Install\include\zlib\inflate.h
  D:\Ange Tests\Install\ANGE\Vendor\zlib\inftrees.h -> D:\Ange Tests\Install\ANGE\Install\include\zlib\inftrees.h
  D:\Ange Tests\Install\ANGE\Vendor\zlib\trees.h -> D:\Ange Tests\Install\ANGE\Install\include\zlib\trees.h
  D:\Ange Tests\Install\ANGE\Vendor\zlib\zconf.h -> D:\Ange Tests\Install\ANGE\Install\include\zlib\zconf.h
  D:\Ange Tests\Install\ANGE\Vendor\zlib\zlib.h -> D:\Ange Tests\Install\ANGE\Install\include\zlib\zlib.h
  D:\Ange Tests\Install\ANGE\Vendor\zlib\zutil.h -> D:\Ange Tests\Install\ANGE\Install\include\zlib\zutil.h
  11 File(s) copied
